mode: set
github.com/h0rn3t/gopolars/pkg/dtypes/schema.go:10.42,11.22 1 1
github.com/h0rn3t/gopolars/pkg/dtypes/schema.go:11.22,12.21 1 1
github.com/h0rn3t/gopolars/pkg/dtypes/schema.go:12.21,14.4 1 1
github.com/h0rn3t/gopolars/pkg/dtypes/schema.go:16.2,16.11 1 1
github.com/h0rn3t/gopolars/pkg/cache/chunk_cache.go:10.34,12.2 1 1
github.com/h0rn3t/gopolars/pkg/cache/chunk_cache.go:14.52,18.2 3 1
github.com/h0rn3t/gopolars/pkg/cache/chunk_cache.go:20.53,25.2 4 1
github.com/h0rn3t/gopolars/pkg/cache/plan_cache.go:10.32,12.2 1 1
github.com/h0rn3t/gopolars/pkg/cache/plan_cache.go:14.51,18.2 3 1
github.com/h0rn3t/gopolars/pkg/cache/plan_cache.go:20.52,25.2 4 1
github.com/h0rn3t/gopolars/pkg/expr/eval.go:19.52,20.18 1 1
github.com/h0rn3t/gopolars/pkg/expr/eval.go:21.15,23.10 2 1
github.com/h0rn3t/gopolars/pkg/expr/eval.go:23.10,25.4 1 0
github.com/h0rn3t/gopolars/pkg/expr/eval.go:26.3,26.16 1 1
github.com/h0rn3t/gopolars/pkg/expr/eval.go:27.15,28.24 1 1
github.com/h0rn3t/gopolars/pkg/expr/eval.go:29.17,30.22 1 0
github.com/h0rn3t/gopolars/pkg/expr/eval.go:30.22,32.4 1 0
github.com/h0rn3t/gopolars/pkg/expr/eval.go:33.3,33.48 1 0
github.com/h0rn3t/gopolars/pkg/expr/eval.go:34.16,36.17 2 1
github.com/h0rn3t/gopolars/pkg/expr/eval.go:36.17,38.4 1 0
github.com/h0rn3t/gopolars/pkg/expr/eval.go:39.3,39.31 1 1
github.com/h0rn3t/gopolars/pkg/expr/eval.go:40.17,42.17 2 1
github.com/h0rn3t/gopolars/pkg/expr/eval.go:42.17,44.4 1 0
github.com/h0rn3t/gopolars/pkg/expr/eval.go:45.3,45.17 1 1
github.com/h0rn3t/gopolars/pkg/expr/eval.go:46.14,48.11 2 1
github.com/h0rn3t/gopolars/pkg/expr/eval.go:48.11,50.5 1 0
github.com/h0rn3t/gopolars/pkg/expr/eval.go:51.4,51.18 1 1
github.com/h0rn3t/gopolars/pkg/expr/eval.go:52.18,53.24 1 0
github.com/h0rn3t/gopolars/pkg/expr/eval.go:54.22,55.24 1 0
github.com/h0rn3t/gopolars/pkg/expr/eval.go:56.18,58.11 2 0
github.com/h0rn3t/gopolars/pkg/expr/eval.go:58.11,60.5 1 0
github.com/h0rn3t/gopolars/pkg/expr/eval.go:61.4,61.29 1 0
github.com/h0rn3t/gopolars/pkg/expr/eval.go:62.20,64.11 2 0
github.com/h0rn3t/gopolars/pkg/expr/eval.go:64.11,66.5 1 0
github.com/h0rn3t/gopolars/pkg/expr/eval.go:67.4,67.34 1 0
github.com/h0rn3t/gopolars/pkg/expr/eval.go:68.20,70.11 2 0
github.com/h0rn3t/gopolars/pkg/expr/eval.go:70.11,72.5 1 0
github.com/h0rn3t/gopolars/pkg/expr/eval.go:73.4,73.34 1 0
github.com/h0rn3t/gopolars/pkg/expr/eval.go:74.19,76.11 2 1
github.com/h0rn3t/gopolars/pkg/expr/eval.go:76.11,78.5 1 0
github.com/h0rn3t/gopolars/pkg/expr/eval.go:79.4,79.36 1 1
github.com/h0rn3t/gopolars/pkg/expr/eval.go:80.18,82.11 2 0
github.com/h0rn3t/gopolars/pkg/expr/eval.go:82.11,84.5 1 0
github.com/h0rn3t/gopolars/pkg/expr/eval.go:85.4,85.31 1 0
github.com/h0rn3t/gopolars/pkg/expr/eval.go:86.19,88.11 2 1
github.com/h0rn3t/gopolars/pkg/expr/eval.go:88.11,90.5 1 0
github.com/h0rn3t/gopolars/pkg/expr/eval.go:91.4,91.32 1 1
github.com/h0rn3t/gopolars/pkg/expr/eval.go:92.17,94.11 2 1
github.com/h0rn3t/gopolars/pkg/expr/eval.go:94.11,96.5 1 0
github.com/h0rn3t/gopolars/pkg/expr/eval.go:97.4,97.30 1 1
github.com/h0rn3t/gopolars/pkg/expr/eval.go:98.18,100.11 2 0
github.com/h0rn3t/gopolars/pkg/expr/eval.go:100.11,102.5 1 0
github.com/h0rn3t/gopolars/pkg/expr/eval.go:103.4,103.31 1 0
github.com/h0rn3t/gopolars/pkg/expr/eval.go:104.21,106.11 2 0
github.com/h0rn3t/gopolars/pkg/expr/eval.go:106.11,108.5 1 0
github.com/h0rn3t/gopolars/pkg/expr/eval.go:109.4,109.34 1 0
github.com/h0rn3t/gopolars/pkg/expr/eval.go:110.19,112.11 2 0
github.com/h0rn3t/gopolars/pkg/expr/eval.go:112.11,114.5 1 0
github.com/h0rn3t/gopolars/pkg/expr/eval.go:115.4,115.32 1 0
github.com/h0rn3t/gopolars/pkg/expr/eval.go:116.39,117.17 1 0
github.com/h0rn3t/gopolars/pkg/expr/eval.go:118.18,119.43 1 0
github.com/h0rn3t/gopolars/pkg/expr/eval.go:119.43,121.5 1 0
github.com/h0rn3t/gopolars/pkg/expr/eval.go:122.4,122.74 1 0
github.com/h0rn3t/gopolars/pkg/expr/eval.go:123.16,124.25 1 0
github.com/h0rn3t/gopolars/pkg/expr/eval.go:125.17,126.30 1 0
github.com/h0rn3t/gopolars/pkg/expr/eval.go:127.15,128.18 1 0
github.com/h0rn3t/gopolars/pkg/expr/eval.go:129.12,130.52 1 0
github.com/h0rn3t/gopolars/pkg/expr/eval.go:132.14,133.25 1 0
github.com/h0rn3t/gopolars/pkg/expr/eval.go:134.17,135.28 1 0
github.com/h0rn3t/gopolars/pkg/expr/eval.go:136.15,137.37 1 0
github.com/h0rn3t/gopolars/pkg/expr/eval.go:138.12,139.50 1 0
github.com/h0rn3t/gopolars/pkg/expr/eval.go:141.15,142.25 1 0
github.com/h0rn3t/gopolars/pkg/expr/eval.go:143.17,144.29 1 0
github.com/h0rn3t/gopolars/pkg/expr/eval.go:145.15,146.38 1 0
github.com/h0rn3t/gopolars/pkg/expr/eval.go:147.12,148.51 1 0
github.com/h0rn3t/gopolars/pkg/expr/eval.go:150.38,151.17 1 0
github.com/h0rn3t/gopolars/pkg/expr/eval.go:152.900,153.17 1 0
github.com/h0rn3t/gopolars/pkg/expr/eval.go:154.14,155.29 1 0
github.com/h0rn3t/gopolars/pkg/expr/eval.go:155.29,157.5 1 0
github.com/h0rn3t/gopolars/pkg/expr/eval.go:158.4,158.33 1 0
github.com/h0rn3t/gopolars/pkg/expr/eval.go:158.33,159.31 1 0
github.com/h0rn3t/gopolars/pkg/expr/eval.go:159.31,160.47 1 0
github.com/h0rn3t/gopolars/pkg/expr/eval.go:160.47,162.7 1 0
github.com/h0rn3t/gopolars/pkg/expr/eval.go:164.5,164.21 1 0
github.com/h0rn3t/gopolars/pkg/expr/eval.go:166.4,166.21 1 0
github.com/h0rn3t/gopolars/pkg/expr/eval.go:167.14,168.29 1 0
github.com/h0rn3t/gopolars/pkg/expr/eval.go:168.29,170.5 1 0
github.com/h0rn3t/gopolars/pkg/expr/eval.go:171.4,171.33 1 0
github.com/h0rn3t/gopolars/pkg/expr/eval.go:171.33,172.31 1 0
github.com/h0rn3t/gopolars/pkg/expr/eval.go:172.31,173.45 1 0
github.com/h0rn3t/gopolars/pkg/expr/eval.go:173.45,175.7 1 0
github.com/h0rn3t/gopolars/pkg/expr/eval.go:178.4,178.21 1 0
github.com/h0rn3t/gopolars/pkg/expr/eval.go:179.17,180.31 1 0
github.com/h0rn3t/gopolars/pkg/expr/eval.go:180.31,182.5 1 0
github.com/h0rn3t/gopolars/pkg/expr/eval.go:183.4,183.52 1 0
github.com/h0rn3t/gopolars/pkg/expr/eval.go:184.18,185.31 1 0
github.com/h0rn3t/gopolars/pkg/expr/eval.go:185.31,187.5 1 0
github.com/h0rn3t/gopolars/pkg/expr/eval.go:188.4,188.53 1 0
github.com/h0rn3t/gopolars/pkg/expr/eval.go:189.17,190.31 1 0
github.com/h0rn3t/gopolars/pkg/expr/eval.go:190.31,192.5 1 0
github.com/h0rn3t/gopolars/pkg/expr/eval.go:193.4,193.52 1 0
github.com/h0rn3t/gopolars/pkg/expr/eval.go:194.18,195.31 1 0
github.com/h0rn3t/gopolars/pkg/expr/eval.go:195.31,197.5 1 0
github.com/h0rn3t/gopolars/pkg/expr/eval.go:198.4,198.53 1 0
github.com/h0rn3t/gopolars/pkg/expr/eval.go:199.17,200.31 1 0
github.com/h0rn3t/gopolars/pkg/expr/eval.go:200.31,202.5 1 0
github.com/h0rn3t/gopolars/pkg/expr/eval.go:203.4,203.52 1 0
github.com/h0rn3t/gopolars/pkg/expr/eval.go:204.18,205.31 1 0
github.com/h0rn3t/gopolars/pkg/expr/eval.go:205.31,207.5 1 0
github.com/h0rn3t/gopolars/pkg/expr/eval.go:208.4,208.53 1 0
github.com/h0rn3t/gopolars/pkg/expr/eval.go:209.29,211.11 2 0
github.com/h0rn3t/gopolars/pkg/expr/eval.go:211.11,213.5 1 0
github.com/h0rn3t/gopolars/pkg/expr/eval.go:214.4,214.50 1 0
github.com/h0rn3t/gopolars/pkg/expr/eval.go:215.30,217.11 2 0
github.com/h0rn3t/gopolars/pkg/expr/eval.go:217.11,219.5 1 0
github.com/h0rn3t/gopolars/pkg/expr/eval.go:220.4,220.87 1 0
github.com/h0rn3t/gopolars/pkg/expr/eval.go:221.31,223.11 2 0
github.com/h0rn3t/gopolars/pkg/expr/eval.go:223.11,225.5 1 0
github.com/h0rn3t/gopolars/pkg/expr/eval.go:226.4,226.54 1 0
github.com/h0rn3t/gopolars/pkg/expr/eval.go:227.32,229.11 2 0
github.com/h0rn3t/gopolars/pkg/expr/eval.go:229.11,231.5 1 0
github.com/h0rn3t/gopolars/pkg/expr/eval.go:232.4,232.53 1 0
github.com/h0rn3t/gopolars/pkg/expr/eval.go:233.32,235.11 2 0
github.com/h0rn3t/gopolars/pkg/expr/eval.go:235.11,237.5 1 0
github.com/h0rn3t/gopolars/pkg/expr/eval.go:238.4,238.55 1 0
github.com/h0rn3t/gopolars/pkg/expr/eval.go:239.33,241.11 2 0
github.com/h0rn3t/gopolars/pkg/expr/eval.go:241.11,243.5 1 0
github.com/h0rn3t/gopolars/pkg/expr/eval.go:244.4,244.54 1 0
github.com/h0rn3t/gopolars/pkg/expr/eval.go:245.15,246.31 1 0
github.com/h0rn3t/gopolars/pkg/expr/eval.go:246.31,248.5 1 0
github.com/h0rn3t/gopolars/pkg/expr/eval.go:249.4,249.50 1 0
github.com/h0rn3t/gopolars/pkg/expr/eval.go:250.15,251.31 1 0
github.com/h0rn3t/gopolars/pkg/expr/eval.go:251.31,253.5 1 0
github.com/h0rn3t/gopolars/pkg/expr/eval.go:254.4,254.50 1 0
github.com/h0rn3t/gopolars/pkg/expr/eval.go:255.14,256.31 1 0
github.com/h0rn3t/gopolars/pkg/expr/eval.go:256.31,258.5 1 0
github.com/h0rn3t/gopolars/pkg/expr/eval.go:259.4,259.49 1 0
github.com/h0rn3t/gopolars/pkg/expr/eval.go:260.14,261.31 1 0
github.com/h0rn3t/gopolars/pkg/expr/eval.go:261.31,263.5 1 0
github.com/h0rn3t/gopolars/pkg/expr/eval.go:264.4,264.49 1 0
github.com/h0rn3t/gopolars/pkg/expr/eval.go:265.15,266.31 1 0
github.com/h0rn3t/gopolars/pkg/expr/eval.go:266.31,268.5 1 0
github.com/h0rn3t/gopolars/pkg/expr/eval.go:269.4,269.50 1 0
github.com/h0rn3t/gopolars/pkg/expr/eval.go:270.15,271.31 1 0
github.com/h0rn3t/gopolars/pkg/expr/eval.go:271.31,273.5 1 0
github.com/h0rn3t/gopolars/pkg/expr/eval.go:274.4,274.50 1 0
github.com/h0rn3t/gopolars/pkg/expr/eval.go:275.14,276.31 1 0
github.com/h0rn3t/gopolars/pkg/expr/eval.go:276.31,278.5 1 0
github.com/h0rn3t/gopolars/pkg/expr/eval.go:279.4,279.49 1 0
github.com/h0rn3t/gopolars/pkg/expr/eval.go:280.14,281.31 1 0
github.com/h0rn3t/gopolars/pkg/expr/eval.go:281.31,283.5 1 0
github.com/h0rn3t/gopolars/pkg/expr/eval.go:284.4,284.49 1 0
github.com/h0rn3t/gopolars/pkg/expr/eval.go:285.15,286.31 1 0
github.com/h0rn3t/gopolars/pkg/expr/eval.go:286.31,288.5 1 0
github.com/h0rn3t/gopolars/pkg/expr/eval.go:289.4,289.50 1 0
github.com/h0rn3t/gopolars/pkg/expr/eval.go:290.18,291.31 1 0
github.com/h0rn3t/gopolars/pkg/expr/eval.go:291.31,293.5 1 0
github.com/h0rn3t/gopolars/pkg/expr/eval.go:294.4,294.53 1 0
github.com/h0rn3t/gopolars/pkg/expr/eval.go:295.18,296.31 1 0
github.com/h0rn3t/gopolars/pkg/expr/eval.go:296.31,298.5 1 0
github.com/h0rn3t/gopolars/pkg/expr/eval.go:299.4,299.53 1 0
github.com/h0rn3t/gopolars/pkg/expr/eval.go:300.16,301.31 1 0
github.com/h0rn3t/gopolars/pkg/expr/eval.go:301.31,303.5 1 0
github.com/h0rn3t/gopolars/pkg/expr/eval.go:304.4,304.51 1 0
github.com/h0rn3t/gopolars/pkg/expr/eval.go:305.20,306.31 1 0
github.com/h0rn3t/gopolars/pkg/expr/eval.go:306.31,308.59 2 0
github.com/h0rn3t/gopolars/pkg/expr/eval.go:308.59,310.6 1 0
github.com/h0rn3t/gopolars/pkg/expr/eval.go:311.5,311.20 1 0
github.com/h0rn3t/gopolars/pkg/expr/eval.go:313.4,313.54 1 0
github.com/h0rn3t/gopolars/pkg/expr/eval.go:314.20,315.33 1 0
github.com/h0rn3t/gopolars/pkg/expr/eval.go:315.33,316.31 1 0
github.com/h0rn3t/gopolars/pkg/expr/eval.go:316.31,317.21 1 0
github.com/h0rn3t/gopolars/pkg/expr/eval.go:317.21,319.7 1 0
github.com/h0rn3t/gopolars/pkg/expr/eval.go:321.5,321.22 1 0
github.com/h0rn3t/gopolars/pkg/expr/eval.go:323.4,323.24 1 0
github.com/h0rn3t/gopolars/pkg/expr/eval.go:324.20,325.31 1 0
github.com/h0rn3t/gopolars/pkg/expr/eval.go:325.31,327.5 1 0
github.com/h0rn3t/gopolars/pkg/expr/eval.go:328.4,328.21 1 0
github.com/h0rn3t/gopolars/pkg/expr/eval.go:329.22,330.31 1 0
github.com/h0rn3t/gopolars/pkg/expr/eval.go:330.31,332.5 1 0
github.com/h0rn3t/gopolars/pkg/expr/eval.go:333.4,333.21 1 0
github.com/h0rn3t/gopolars/pkg/expr/eval.go:334.17,335.31 1 0
github.com/h0rn3t/gopolars/pkg/expr/eval.go:335.31,337.5 1 0
github.com/h0rn3t/gopolars/pkg/expr/eval.go:338.4,338.21 1 0
github.com/h0rn3t/gopolars/pkg/expr/eval.go:339.21,340.31 1 0
github.com/h0rn3t/gopolars/pkg/expr/eval.go:340.31,342.5 1 0
github.com/h0rn3t/gopolars/pkg/expr/eval.go:343.4,343.24 1 0
github.com/h0rn3t/gopolars/pkg/expr/eval.go:344.16,345.31 1 0
github.com/h0rn3t/gopolars/pkg/expr/eval.go:345.31,347.5 1 0
github.com/h0rn3t/gopolars/pkg/expr/eval.go:348.4,348.51 1 0
github.com/h0rn3t/gopolars/pkg/expr/eval.go:349.16,350.31 1 0
github.com/h0rn3t/gopolars/pkg/expr/eval.go:350.31,352.5 1 0
github.com/h0rn3t/gopolars/pkg/expr/eval.go:353.4,353.51 1 0
github.com/h0rn3t/gopolars/pkg/expr/eval.go:354.15,355.31 1 0
github.com/h0rn3t/gopolars/pkg/expr/eval.go:355.31,356.12 1 0
github.com/h0rn3t/gopolars/pkg/expr/eval.go:357.16,358.29 1 0
github.com/h0rn3t/gopolars/pkg/expr/eval.go:359.16,360.28 1 0
github.com/h0rn3t/gopolars/pkg/expr/eval.go:361.13,362.28 1 0
github.com/h0rn3t/gopolars/pkg/expr/eval.go:365.4,365.50 1 0
github.com/h0rn3t/gopolars/pkg/expr/eval.go:366.14,367.31 1 0
github.com/h0rn3t/gopolars/pkg/expr/eval.go:367.31,369.5 1 0
github.com/h0rn3t/gopolars/pkg/expr/eval.go:370.4,370.49 1 0
github.com/h0rn3t/gopolars/pkg/expr/eval.go:371.15,372.29 1 0
github.com/h0rn3t/gopolars/pkg/expr/eval.go:372.29,374.5 1 0
github.com/h0rn3t/gopolars/pkg/expr/eval.go:375.4,375.47 1 0
github.com/h0rn3t/gopolars/pkg/expr/eval.go:376.14,377.25 1 0
github.com/h0rn3t/gopolars/pkg/expr/eval.go:378.17,379.28 1 0
github.com/h0rn3t/gopolars/pkg/expr/eval.go:380.15,381.14 1 0
github.com/h0rn3t/gopolars/pkg/expr/eval.go:381.14,383.6 1 0
github.com/h0rn3t/gopolars/pkg/expr/eval.go:384.5,384.18 1 0
github.com/h0rn3t/gopolars/pkg/expr/eval.go:385.12,386.50 1 0
github.com/h0rn3t/gopolars/pkg/expr/eval.go:388.14,389.25 1 0
github.com/h0rn3t/gopolars/pkg/expr/eval.go:390.17,391.28 1 0
github.com/h0rn3t/gopolars/pkg/expr/eval.go:392.15,393.37 1 0
github.com/h0rn3t/gopolars/pkg/expr/eval.go:394.12,395.50 1 0
github.com/h0rn3t/gopolars/pkg/expr/eval.go:397.11,398.42 1 1
github.com/h0rn3t/gopolars/pkg/expr/eval.go:398.42,400.5 1 0
github.com/h0rn3t/gopolars/pkg/expr/eval.go:401.4,401.46 1 1
github.com/h0rn3t/gopolars/pkg/expr/eval.go:401.46,403.5 1 0
github.com/h0rn3t/gopolars/pkg/expr/eval.go:404.4,404.570 1 1
github.com/h0rn3t/gopolars/pkg/expr/eval.go:404.570,406.5 1 0
github.com/h0rn3t/gopolars/pkg/expr/eval.go:407.4,407.601 1 1
github.com/h0rn3t/gopolars/pkg/expr/eval.go:407.601,409.5 1 0
github.com/h0rn3t/gopolars/pkg/expr/eval.go:410.4,410.52 1 1
github.com/h0rn3t/gopolars/pkg/expr/eval.go:410.52,412.12 2 0
github.com/h0rn3t/gopolars/pkg/expr/eval.go:412.12,414.6 1 0
github.com/h0rn3t/gopolars/pkg/expr/eval.go:415.5,416.109 2 0
github.com/h0rn3t/gopolars/pkg/expr/eval.go:416.109,418.6 1 0
github.com/h0rn3t/gopolars/pkg/expr/eval.go:419.5,419.42 1 0
github.com/h0rn3t/gopolars/pkg/expr/eval.go:421.4,421.49 1 1
github.com/h0rn3t/gopolars/pkg/expr/eval.go:421.49,424.24 3 1
github.com/h0rn3t/gopolars/pkg/expr/eval.go:424.24,426.6 1 0
github.com/h0rn3t/gopolars/pkg/expr/eval.go:427.5,428.12 2 1
github.com/h0rn3t/gopolars/pkg/expr/eval.go:428.12,430.6 1 0
github.com/h0rn3t/gopolars/pkg/expr/eval.go:431.5,431.58 1 1
github.com/h0rn3t/gopolars/pkg/expr/eval.go:433.4,433.50 1 0
github.com/h0rn3t/gopolars/pkg/expr/eval.go:433.50,436.12 3 0
github.com/h0rn3t/gopolars/pkg/expr/eval.go:436.12,438.6 1 0
github.com/h0rn3t/gopolars/pkg/expr/eval.go:439.5,439.23 1 0
github.com/h0rn3t/gopolars/pkg/expr/eval.go:441.4,441.61 1 0
github.com/h0rn3t/gopolars/pkg/expr/eval.go:443.16,444.23 1 0
github.com/h0rn3t/gopolars/pkg/expr/eval.go:444.23,446.18 2 0
github.com/h0rn3t/gopolars/pkg/expr/eval.go:446.18,448.5 1 0
github.com/h0rn3t/gopolars/pkg/expr/eval.go:449.4,450.18 2 0
github.com/h0rn3t/gopolars/pkg/expr/eval.go:450.18,452.5 1 0
github.com/h0rn3t/gopolars/pkg/expr/eval.go:453.4,454.18 2 0
github.com/h0rn3t/gopolars/pkg/expr/eval.go:454.18,456.5 1 0
github.com/h0rn3t/gopolars/pkg/expr/eval.go:457.4,460.28 4 0
github.com/h0rn3t/gopolars/pkg/expr/eval.go:460.28,462.5 1 0
github.com/h0rn3t/gopolars/pkg/expr/eval.go:463.4,463.18 1 0
github.com/h0rn3t/gopolars/pkg/expr/eval.go:463.18,465.5 1 0
github.com/h0rn3t/gopolars/pkg/expr/eval.go:466.4,466.18 1 0
github.com/h0rn3t/gopolars/pkg/expr/eval.go:466.18,468.5 1 0
github.com/h0rn3t/gopolars/pkg/expr/eval.go:469.4,469.19 1 0
github.com/h0rn3t/gopolars/pkg/expr/eval.go:471.3,471.56 1 0
github.com/h0rn3t/gopolars/pkg/expr/eval.go:471.56,473.18 2 0
github.com/h0rn3t/gopolars/pkg/expr/eval.go:473.18,475.5 1 0
github.com/h0rn3t/gopolars/pkg/expr/eval.go:476.4,477.18 2 0
github.com/h0rn3t/gopolars/pkg/expr/eval.go:477.18,479.5 1 0
github.com/h0rn3t/gopolars/pkg/expr/eval.go:480.4,481.18 2 0
github.com/h0rn3t/gopolars/pkg/expr/eval.go:481.18,483.5 1 0
github.com/h0rn3t/gopolars/pkg/expr/eval.go:484.4,484.27 1 0
github.com/h0rn3t/gopolars/pkg/expr/eval.go:484.27,486.5 1 0
github.com/h0rn3t/gopolars/pkg/expr/eval.go:487.4,487.23 1 0
github.com/h0rn3t/gopolars/pkg/expr/eval.go:489.3,489.131 1 0
github.com/h0rn3t/gopolars/pkg/expr/eval.go:489.131,491.4 1 0
github.com/h0rn3t/gopolars/pkg/expr/eval.go:492.3,492.29 1 0
github.com/h0rn3t/gopolars/pkg/expr/eval.go:492.29,494.18 2 0
github.com/h0rn3t/gopolars/pkg/expr/eval.go:494.18,496.5 1 0
github.com/h0rn3t/gopolars/pkg/expr/eval.go:497.4,498.18 2 0
github.com/h0rn3t/gopolars/pkg/expr/eval.go:498.18,500.5 1 0
github.com/h0rn3t/gopolars/pkg/expr/eval.go:501.4,502.18 2 0
github.com/h0rn3t/gopolars/pkg/expr/eval.go:502.18,504.5 1 0
github.com/h0rn3t/gopolars/pkg/expr/eval.go:505.4,508.28 4 0
github.com/h0rn3t/gopolars/pkg/expr/eval.go:508.28,510.5 1 0
github.com/h0rn3t/gopolars/pkg/expr/eval.go:511.4,511.36 1 0
github.com/h0rn3t/gopolars/pkg/expr/eval.go:513.3,513.105 1 0
github.com/h0rn3t/gopolars/pkg/expr/eval.go:513.105,515.4 1 0
github.com/h0rn3t/gopolars/pkg/expr/eval.go:516.3,516.33 1 0
github.com/h0rn3t/gopolars/pkg/expr/eval.go:516.33,518.4 1 0
github.com/h0rn3t/gopolars/pkg/expr/eval.go:519.3,519.445 1 0
github.com/h0rn3t/gopolars/pkg/expr/eval.go:519.445,521.4 1 0
github.com/h0rn3t/gopolars/pkg/expr/eval.go:522.3,523.17 2 0
github.com/h0rn3t/gopolars/pkg/expr/eval.go:523.17,525.4 1 0
github.com/h0rn3t/gopolars/pkg/expr/eval.go:526.3,527.10 2 0
github.com/h0rn3t/gopolars/pkg/expr/eval.go:527.10,529.4 1 0
github.com/h0rn3t/gopolars/pkg/expr/eval.go:530.3,530.8 1 0
github.com/h0rn3t/gopolars/pkg/expr/eval.go:530.8,532.4 1 0
github.com/h0rn3t/gopolars/pkg/expr/eval.go:533.3,533.23 1 0
github.com/h0rn3t/gopolars/pkg/expr/eval.go:533.23,535.4 1 0
github.com/h0rn3t/gopolars/pkg/expr/eval.go:536.3,536.31 1 0
github.com/h0rn3t/gopolars/pkg/expr/eval.go:537.15,539.17 2 1
github.com/h0rn3t/gopolars/pkg/expr/eval.go:539.17,541.4 1 0
github.com/h0rn3t/gopolars/pkg/expr/eval.go:542.3,543.17 2 1
github.com/h0rn3t/gopolars/pkg/expr/eval.go:543.17,545.4 1 0
github.com/h0rn3t/gopolars/pkg/expr/eval.go:546.3,546.31 1 1
github.com/h0rn3t/gopolars/pkg/expr/eval.go:547.10,548.63 1 0
github.com/h0rn3t/gopolars/pkg/expr/eval.go:552.52,553.27 1 0
github.com/h0rn3t/gopolars/pkg/expr/eval.go:553.27,555.3 1 0
github.com/h0rn3t/gopolars/pkg/expr/eval.go:556.2,557.36 2 0
github.com/h0rn3t/gopolars/pkg/expr/eval.go:560.59,561.12 1 1
github.com/h0rn3t/gopolars/pkg/expr/eval.go:562.12,563.34 1 0
github.com/h0rn3t/gopolars/pkg/expr/eval.go:563.34,565.4 1 0
github.com/h0rn3t/gopolars/pkg/expr/eval.go:566.3,566.53 1 0
github.com/h0rn3t/gopolars/pkg/expr/eval.go:566.53,568.4 1 0
github.com/h0rn3t/gopolars/pkg/expr/eval.go:569.3,569.54 1 0
github.com/h0rn3t/gopolars/pkg/expr/eval.go:569.54,571.4 1 0
github.com/h0rn3t/gopolars/pkg/expr/eval.go:572.3,572.28 1 0
github.com/h0rn3t/gopolars/pkg/expr/eval.go:573.12,574.34 1 1
github.com/h0rn3t/gopolars/pkg/expr/eval.go:574.34,576.4 1 0
github.com/h0rn3t/gopolars/pkg/expr/eval.go:577.3,577.53 1 1
github.com/h0rn3t/gopolars/pkg/expr/eval.go:577.53,579.4 1 0
github.com/h0rn3t/gopolars/pkg/expr/eval.go:580.3,580.54 1 1
github.com/h0rn3t/gopolars/pkg/expr/eval.go:580.54,582.4 1 0
github.com/h0rn3t/gopolars/pkg/expr/eval.go:583.3,583.28 1 1
github.com/h0rn3t/gopolars/pkg/expr/eval.go:584.30,585.34 1 1
github.com/h0rn3t/gopolars/pkg/expr/eval.go:586.34,587.32 1 1
github.com/h0rn3t/gopolars/pkg/expr/eval.go:588.13,591.19 3 0
github.com/h0rn3t/gopolars/pkg/expr/eval.go:591.19,593.4 1 0
github.com/h0rn3t/gopolars/pkg/expr/eval.go:594.3,594.31 1 0
github.com/h0rn3t/gopolars/pkg/expr/eval.go:595.13,598.19 3 0
github.com/h0rn3t/gopolars/pkg/expr/eval.go:598.19,600.4 1 0
github.com/h0rn3t/gopolars/pkg/expr/eval.go:601.3,601.21 1 0
github.com/h0rn3t/gopolars/pkg/expr/eval.go:602.14,605.19 3 0
github.com/h0rn3t/gopolars/pkg/expr/eval.go:605.19,607.4 1 0
github.com/h0rn3t/gopolars/pkg/expr/eval.go:608.3,608.21 1 0
github.com/h0rn3t/gopolars/pkg/expr/eval.go:609.12,612.19 3 0
github.com/h0rn3t/gopolars/pkg/expr/eval.go:612.19,614.4 1 0
github.com/h0rn3t/gopolars/pkg/expr/eval.go:615.3,615.21 1 0
github.com/h0rn3t/gopolars/pkg/expr/eval.go:616.13,619.19 3 0
github.com/h0rn3t/gopolars/pkg/expr/eval.go:619.19,621.4 1 0
github.com/h0rn3t/gopolars/pkg/expr/eval.go:622.3,622.21 1 0
github.com/h0rn3t/gopolars/pkg/expr/eval.go:623.18,626.19 3 0
github.com/h0rn3t/gopolars/pkg/expr/eval.go:626.19,628.4 1 0
github.com/h0rn3t/gopolars/pkg/expr/eval.go:629.3,629.37 1 0
github.com/h0rn3t/gopolars/pkg/expr/eval.go:630.21,633.19 3 0
github.com/h0rn3t/gopolars/pkg/expr/eval.go:633.19,635.4 1 0
github.com/h0rn3t/gopolars/pkg/expr/eval.go:636.3,636.38 1 0
github.com/h0rn3t/gopolars/pkg/expr/eval.go:637.23,639.10 2 1
github.com/h0rn3t/gopolars/pkg/expr/eval.go:639.10,641.4 1 0
github.com/h0rn3t/gopolars/pkg/expr/eval.go:642.3,642.23 1 1
github.com/h0rn3t/gopolars/pkg/expr/eval.go:642.23,643.18 1 1
github.com/h0rn3t/gopolars/pkg/expr/eval.go:643.18,645.5 1 1
github.com/h0rn3t/gopolars/pkg/expr/eval.go:647.3,647.20 1 0
github.com/h0rn3t/gopolars/pkg/expr/eval.go:648.18,650.10 2 0
github.com/h0rn3t/gopolars/pkg/expr/eval.go:650.10,652.4 1 0
github.com/h0rn3t/gopolars/pkg/expr/eval.go:653.3,654.28 2 0
github.com/h0rn3t/gopolars/pkg/expr/eval.go:655.14,656.11 1 0
github.com/h0rn3t/gopolars/pkg/expr/eval.go:657.16,658.18 1 0
github.com/h0rn3t/gopolars/pkg/expr/eval.go:659.11,660.60 1 0
github.com/h0rn3t/gopolars/pkg/expr/eval.go:662.3,662.39 1 0
github.com/h0rn3t/gopolars/pkg/expr/eval.go:662.39,664.4 1 0
github.com/h0rn3t/gopolars/pkg/expr/eval.go:665.3,665.24 1 0
github.com/h0rn3t/gopolars/pkg/expr/eval.go:666.16,667.35 1 0
github.com/h0rn3t/gopolars/pkg/expr/eval.go:667.35,669.4 1 0
github.com/h0rn3t/gopolars/pkg/expr/eval.go:670.3,670.36 1 0
github.com/h0rn3t/gopolars/pkg/expr/eval.go:670.36,672.4 1 0
github.com/h0rn3t/gopolars/pkg/expr/eval.go:673.3,673.33 1 0
github.com/h0rn3t/gopolars/pkg/expr/eval.go:674.21,677.19 3 0
github.com/h0rn3t/gopolars/pkg/expr/eval.go:677.19,679.4 1 0
github.com/h0rn3t/gopolars/pkg/expr/eval.go:680.3,680.22 1 0
github.com/h0rn3t/gopolars/pkg/expr/eval.go:681.20,684.19 3 0
github.com/h0rn3t/gopolars/pkg/expr/eval.go:684.19,686.4 1 0
github.com/h0rn3t/gopolars/pkg/expr/eval.go:687.3,687.22 1 0
github.com/h0rn3t/gopolars/pkg/expr/eval.go:688.21,691.19 3 0
github.com/h0rn3t/gopolars/pkg/expr/eval.go:691.19,693.4 1 0
github.com/h0rn3t/gopolars/pkg/expr/eval.go:694.3,694.22 1 0
github.com/h0rn3t/gopolars/pkg/expr/eval.go:695.13,696.36 1 0
github.com/h0rn3t/gopolars/pkg/expr/eval.go:696.36,697.38 1 0
github.com/h0rn3t/gopolars/pkg/expr/eval.go:697.38,699.5 1 0
github.com/h0rn3t/gopolars/pkg/expr/eval.go:701.3,701.48 1 0
github.com/h0rn3t/gopolars/pkg/expr/eval.go:702.20,703.34 1 0
github.com/h0rn3t/gopolars/pkg/expr/eval.go:703.34,705.4 1 0
github.com/h0rn3t/gopolars/pkg/expr/eval.go:706.3,706.28 1 0
github.com/h0rn3t/gopolars/pkg/expr/eval.go:707.20,708.34 1 0
github.com/h0rn3t/gopolars/pkg/expr/eval.go:708.34,710.4 1 0
github.com/h0rn3t/gopolars/pkg/expr/eval.go:711.3,711.28 1 0
github.com/h0rn3t/gopolars/pkg/expr/eval.go:712.18,715.30 3 0
github.com/h0rn3t/gopolars/pkg/expr/eval.go:715.30,717.4 1 0
github.com/h0rn3t/gopolars/pkg/expr/eval.go:718.3,718.34 1 0
github.com/h0rn3t/gopolars/pkg/expr/eval.go:719.13,722.30 3 0
github.com/h0rn3t/gopolars/pkg/expr/eval.go:722.30,724.4 1 0
github.com/h0rn3t/gopolars/pkg/expr/eval.go:725.3,725.31 1 0
github.com/h0rn3t/gopolars/pkg/expr/eval.go:726.23,727.35 1 0
github.com/h0rn3t/gopolars/pkg/expr/eval.go:727.35,729.11 2 0
github.com/h0rn3t/gopolars/pkg/expr/eval.go:729.11,731.5 1 0
github.com/h0rn3t/gopolars/pkg/expr/eval.go:732.4,732.40 1 0
github.com/h0rn3t/gopolars/pkg/expr/eval.go:732.40,734.5 1 0
github.com/h0rn3t/gopolars/pkg/expr/eval.go:735.4,735.25 1 0
github.com/h0rn3t/gopolars/pkg/expr/eval.go:737.3,737.19 1 0
github.com/h0rn3t/gopolars/pkg/expr/eval.go:738.21,739.35 1 0
github.com/h0rn3t/gopolars/pkg/expr/eval.go:739.35,740.12 1 0
github.com/h0rn3t/gopolars/pkg/expr/eval.go:740.12,742.5 1 0
github.com/h0rn3t/gopolars/pkg/expr/eval.go:743.4,743.19 1 0
github.com/h0rn3t/gopolars/pkg/expr/eval.go:745.3,745.19 1 0
github.com/h0rn3t/gopolars/pkg/expr/eval.go:746.18,749.19 3 0
github.com/h0rn3t/gopolars/pkg/expr/eval.go:749.19,751.4 1 0
github.com/h0rn3t/gopolars/pkg/expr/eval.go:752.3,752.38 1 0
github.com/h0rn3t/gopolars/pkg/expr/eval.go:753.15,754.36 1 0
github.com/h0rn3t/gopolars/pkg/expr/eval.go:754.36,755.30 1 0
github.com/h0rn3t/gopolars/pkg/expr/eval.go:755.30,756.21 1 0
github.com/h0rn3t/gopolars/pkg/expr/eval.go:756.21,758.6 1 0
github.com/h0rn3t/gopolars/pkg/expr/eval.go:760.4,760.21 1 0
github.com/h0rn3t/gopolars/pkg/expr/eval.go:762.3,762.28 1 0
github.com/h0rn3t/gopolars/pkg/expr/eval.go:763.18,764.35 1 0
github.com/h0rn3t/gopolars/pkg/expr/eval.go:764.35,765.30 1 0
github.com/h0rn3t/gopolars/pkg/expr/eval.go:765.30,766.22 1 0
github.com/h0rn3t/gopolars/pkg/expr/eval.go:766.22,768.6 1 0
github.com/h0rn3t/gopolars/pkg/expr/eval.go:770.4,770.25 1 0
github.com/h0rn3t/gopolars/pkg/expr/eval.go:772.3,772.24 1 0
github.com/h0rn3t/gopolars/pkg/expr/eval.go:773.24,774.18 1 0
github.com/h0rn3t/gopolars/pkg/expr/eval.go:774.18,776.4 1 0
github.com/h0rn3t/gopolars/pkg/expr/eval.go:777.3,777.19 1 0
github.com/h0rn3t/gopolars/pkg/expr/eval.go:778.23,779.53 1 0
github.com/h0rn3t/gopolars/pkg/expr/eval.go:779.53,781.4 1 0
github.com/h0rn3t/gopolars/pkg/expr/eval.go:782.3,782.19 1 0
github.com/h0rn3t/gopolars/pkg/expr/eval.go:783.15,784.35 1 0
github.com/h0rn3t/gopolars/pkg/expr/eval.go:784.35,785.12 1 0
github.com/h0rn3t/gopolars/pkg/expr/eval.go:785.12,787.5 1 0
github.com/h0rn3t/gopolars/pkg/expr/eval.go:788.4,788.19 1 0
github.com/h0rn3t/gopolars/pkg/expr/eval.go:790.3,790.19 1 0
github.com/h0rn3t/gopolars/pkg/expr/eval.go:791.13,794.19 3 0
github.com/h0rn3t/gopolars/pkg/expr/eval.go:794.19,796.4 1 0
github.com/h0rn3t/gopolars/pkg/expr/eval.go:797.3,797.21 1 0
github.com/h0rn3t/gopolars/pkg/expr/eval.go:798.18,799.35 1 0
github.com/h0rn3t/gopolars/pkg/expr/eval.go:800.23,801.19 1 0
github.com/h0rn3t/gopolars/pkg/expr/eval.go:802.10,803.57 1 0
github.com/h0rn3t/gopolars/pkg/expr/eval.go:807.60,808.33 1 1
github.com/h0rn3t/gopolars/pkg/expr/eval.go:808.33,810.3 1 0
github.com/h0rn3t/gopolars/pkg/expr/eval.go:811.2,811.26 1 1
github.com/h0rn3t/gopolars/pkg/expr/eval.go:812.13,814.10 2 0
github.com/h0rn3t/gopolars/pkg/expr/eval.go:814.10,816.4 1 0
github.com/h0rn3t/gopolars/pkg/expr/eval.go:817.3,817.32 1 0
github.com/h0rn3t/gopolars/pkg/expr/eval.go:818.15,820.10 2 0
github.com/h0rn3t/gopolars/pkg/expr/eval.go:820.10,822.4 1 0
github.com/h0rn3t/gopolars/pkg/expr/eval.go:823.3,823.37 1 0
github.com/h0rn3t/gopolars/pkg/expr/eval.go:823.37,825.4 1 0
github.com/h0rn3t/gopolars/pkg/expr/eval.go:826.3,826.34 1 0
github.com/h0rn3t/gopolars/pkg/expr/eval.go:827.14,829.10 2 1
github.com/h0rn3t/gopolars/pkg/expr/eval.go:829.10,831.4 1 0
github.com/h0rn3t/gopolars/pkg/expr/eval.go:832.3,832.35 1 1
github.com/h0rn3t/gopolars/pkg/expr/eval.go:833.17,835.10 2 0
github.com/h0rn3t/gopolars/pkg/expr/eval.go:835.10,837.4 1 0
github.com/h0rn3t/gopolars/pkg/expr/eval.go:838.3,838.13 1 0
github.com/h0rn3t/gopolars/pkg/expr/eval.go:839.13,840.26 1 0
github.com/h0rn3t/gopolars/pkg/expr/eval.go:841.13,842.40 1 0
github.com/h0rn3t/gopolars/pkg/expr/eval.go:843.13,844.27 1 0
github.com/h0rn3t/gopolars/pkg/expr/eval.go:845.13,846.41 1 0
github.com/h0rn3t/gopolars/pkg/expr/eval.go:849.2,849.55 1 0
github.com/h0rn3t/gopolars/pkg/expr/eval.go:852.57,853.33 1 1
github.com/h0rn3t/gopolars/pkg/expr/eval.go:853.33,855.3 1 0
github.com/h0rn3t/gopolars/pkg/expr/eval.go:856.2,856.26 1 1
github.com/h0rn3t/gopolars/pkg/expr/eval.go:857.13,859.10 2 1
github.com/h0rn3t/gopolars/pkg/expr/eval.go:859.10,861.4 1 0
github.com/h0rn3t/gopolars/pkg/expr/eval.go:862.3,862.13 1 1
github.com/h0rn3t/gopolars/pkg/expr/eval.go:863.14,864.21 1 1
github.com/h0rn3t/gopolars/pkg/expr/eval.go:865.14,866.21 1 0
github.com/h0rn3t/gopolars/pkg/expr/eval.go:867.14,868.21 1 0
github.com/h0rn3t/gopolars/pkg/expr/eval.go:869.14,870.14 1 0
github.com/h0rn3t/gopolars/pkg/expr/eval.go:870.14,872.5 1 0
github.com/h0rn3t/gopolars/pkg/expr/eval.go:873.4,873.21 1 0
github.com/h0rn3t/gopolars/pkg/expr/eval.go:875.15,877.10 2 1
github.com/h0rn3t/gopolars/pkg/expr/eval.go:877.10,879.4 1 0
github.com/h0rn3t/gopolars/pkg/expr/eval.go:880.3,880.13 1 1
github.com/h0rn3t/gopolars/pkg/expr/eval.go:881.14,882.21 1 0
github.com/h0rn3t/gopolars/pkg/expr/eval.go:883.14,884.21 1 0
github.com/h0rn3t/gopolars/pkg/expr/eval.go:885.14,886.21 1 1
github.com/h0rn3t/gopolars/pkg/expr/eval.go:887.14,888.14 1 0
github.com/h0rn3t/gopolars/pkg/expr/eval.go:888.14,890.5 1 0
github.com/h0rn3t/gopolars/pkg/expr/eval.go:891.4,891.21 1 0
github.com/h0rn3t/gopolars/pkg/expr/eval.go:894.2,894.56 1 0
github.com/h0rn3t/gopolars/pkg/expr/eval.go:897.51,898.14 1 1
github.com/h0rn3t/gopolars/pkg/expr/eval.go:898.14,900.3 1 0
github.com/h0rn3t/gopolars/pkg/expr/eval.go:901.2,901.12 1 1
github.com/h0rn3t/gopolars/pkg/expr/eval.go:902.20,903.24 1 0
github.com/h0rn3t/gopolars/pkg/expr/eval.go:904.14,905.17 1 0
github.com/h0rn3t/gopolars/pkg/expr/eval.go:906.16,907.24 1 0
github.com/h0rn3t/gopolars/pkg/expr/eval.go:909.22,910.24 1 1
github.com/h0rn3t/gopolars/pkg/expr/eval.go:911.16,912.17 1 0
github.com/h0rn3t/gopolars/pkg/expr/eval.go:913.14,914.26 1 1
github.com/h0rn3t/gopolars/pkg/expr/eval.go:916.21,917.35 1 0
github.com/h0rn3t/gopolars/pkg/expr/eval.go:918.22,920.9 2 0
github.com/h0rn3t/gopolars/pkg/expr/eval.go:920.9,922.4 1 0
github.com/h0rn3t/gopolars/pkg/expr/eval.go:923.23,925.9 2 0
github.com/h0rn3t/gopolars/pkg/expr/eval.go:925.9,927.4 1 0
github.com/h0rn3t/gopolars/pkg/expr/eval.go:929.2,929.45 1 0
github.com/h0rn3t/gopolars/pkg/expr/eval.go:932.37,933.23 1 0
github.com/h0rn3t/gopolars/pkg/expr/eval.go:934.13,935.26 1 0
github.com/h0rn3t/gopolars/pkg/expr/eval.go:936.15,937.17 1 0
github.com/h0rn3t/gopolars/pkg/expr/eval.go:938.10,939.18 1 0
github.com/h0rn3t/gopolars/pkg/expr/eval.go:943.35,944.23 1 0
github.com/h0rn3t/gopolars/pkg/expr/eval.go:945.13,946.17 1 0
github.com/h0rn3t/gopolars/pkg/expr/eval.go:947.15,948.24 1 0
github.com/h0rn3t/gopolars/pkg/expr/eval.go:949.10,950.18 1 0
github.com/h0rn3t/gopolars/pkg/expr/eval.go:954.48,955.12 1 0
github.com/h0rn3t/gopolars/pkg/expr/eval.go:956.12,957.15 1 0
github.com/h0rn3t/gopolars/pkg/expr/eval.go:958.12,959.16 1 0
github.com/h0rn3t/gopolars/pkg/expr/eval.go:960.12,961.15 1 0
github.com/h0rn3t/gopolars/pkg/expr/eval.go:962.12,963.16 1 0
github.com/h0rn3t/gopolars/pkg/expr/eval.go:965.2,965.14 1 0
github.com/h0rn3t/gopolars/pkg/expr/eval.go:968.54,969.12 1 0
github.com/h0rn3t/gopolars/pkg/expr/eval.go:970.12,971.15 1 0
github.com/h0rn3t/gopolars/pkg/expr/eval.go:972.12,973.16 1 0
github.com/h0rn3t/gopolars/pkg/expr/eval.go:974.12,975.15 1 0
github.com/h0rn3t/gopolars/pkg/expr/eval.go:976.12,977.16 1 0
github.com/h0rn3t/gopolars/pkg/expr/eval.go:979.2,979.14 1 0
github.com/h0rn3t/gopolars/pkg/expr/eval.go:982.53,983.12 1 1
github.com/h0rn3t/gopolars/pkg/expr/eval.go:984.12,985.15 1 0
github.com/h0rn3t/gopolars/pkg/expr/eval.go:986.12,987.16 1 0
github.com/h0rn3t/gopolars/pkg/expr/eval.go:988.12,989.15 1 1
github.com/h0rn3t/gopolars/pkg/expr/eval.go:990.12,991.16 1 0
github.com/h0rn3t/gopolars/pkg/expr/eval.go:993.2,993.14 1 0
github.com/h0rn3t/gopolars/pkg/expr/expr.go:37.28,39.2 1 1
github.com/h0rn3t/gopolars/pkg/expr/expr.go:41.22,43.2 1 1
github.com/h0rn3t/gopolars/pkg/expr/expr.go:45.23,45.76 1 0
github.com/h0rn3t/gopolars/pkg/expr/expr.go:46.23,46.76 1 1
github.com/h0rn3t/gopolars/pkg/expr/expr.go:47.23,47.76 1 1
github.com/h0rn3t/gopolars/pkg/expr/expr.go:48.24,50.2 1 0
github.com/h0rn3t/gopolars/pkg/expr/expr.go:51.19,51.62 1 1
github.com/h0rn3t/gopolars/pkg/expr/expr.go:52.27,54.2 1 1
github.com/h0rn3t/gopolars/pkg/expr/expr.go:56.39,59.2 2 0
github.com/h0rn3t/gopolars/pkg/expr/expr.go:61.45,63.2 1 1
github.com/h0rn3t/gopolars/pkg/expr/expr.go:65.35,65.65 1 0
github.com/h0rn3t/gopolars/pkg/expr/expr.go:66.35,66.65 1 1
github.com/h0rn3t/gopolars/pkg/expr/expr.go:67.35,67.65 1 0
github.com/h0rn3t/gopolars/pkg/expr/expr.go:68.35,68.65 1 0
github.com/h0rn3t/gopolars/pkg/expr/expr.go:69.35,69.65 1 1
github.com/h0rn3t/gopolars/pkg/expr/expr.go:70.35,70.65 1 0
github.com/h0rn3t/gopolars/pkg/expr/expr.go:71.36,73.2 1 1
github.com/h0rn3t/gopolars/pkg/expr/expr.go:74.36,76.2 1 1
github.com/h0rn3t/gopolars/pkg/expr/expr.go:77.36,79.2 1 1
github.com/h0rn3t/gopolars/pkg/expr/expr.go:80.36,82.2 1 1
github.com/h0rn3t/gopolars/pkg/expr/expr.go:83.36,85.2 1 1
github.com/h0rn3t/gopolars/pkg/expr/expr.go:86.35,88.2 1 1
github.com/h0rn3t/gopolars/pkg/expr/expr.go:90.26,92.2 1 1
github.com/h0rn3t/gopolars/pkg/expr/expr.go:94.29,96.2 1 1
github.com/h0rn3t/gopolars/pkg/expr/expr.go:98.32,100.2 1 1
github.com/h0rn3t/gopolars/pkg/expr/expr.go:102.29,104.2 1 0
github.com/h0rn3t/gopolars/pkg/expr/expr.go:106.31,108.2 1 0
github.com/h0rn3t/gopolars/pkg/expr/expr.go:110.31,112.2 1 0
github.com/h0rn3t/gopolars/pkg/expr/expr.go:114.55,116.2 1 1
github.com/h0rn3t/gopolars/pkg/expr/expr.go:118.30,120.2 1 1
github.com/h0rn3t/gopolars/pkg/expr/expr.go:122.29,124.2 1 0
github.com/h0rn3t/gopolars/pkg/expr/expr.go:126.30,128.2 1 1
github.com/h0rn3t/gopolars/pkg/expr/expr.go:130.28,132.2 1 1
github.com/h0rn3t/gopolars/pkg/expr/expr.go:134.29,136.2 1 0
github.com/h0rn3t/gopolars/pkg/expr/expr.go:138.32,140.2 1 0
github.com/h0rn3t/gopolars/pkg/expr/expr.go:142.30,144.2 1 0
github.com/h0rn3t/gopolars/pkg/expr/expr.go:146.45,148.2 1 0
github.com/h0rn3t/gopolars/pkg/expr/expr.go:150.45,152.2 1 1
github.com/h0rn3t/gopolars/pkg/expr/expr.go:154.40,156.2 1 0
github.com/h0rn3t/gopolars/pkg/expr/expr.go:158.44,160.2 1 0
github.com/h0rn3t/gopolars/pkg/expr/expr.go:162.42,164.2 1 0
github.com/h0rn3t/gopolars/pkg/expr/expr.go:166.29,168.2 1 0
github.com/h0rn3t/gopolars/pkg/expr/expr.go:170.31,172.2 1 0
github.com/h0rn3t/gopolars/pkg/expr/expr.go:174.27,176.2 1 0
github.com/h0rn3t/gopolars/pkg/expr/expr.go:178.48,180.2 1 0
github.com/h0rn3t/gopolars/pkg/expr/expr.go:182.48,186.2 3 0
github.com/h0rn3t/gopolars/pkg/expr/expr.go:188.41,190.2 1 0
github.com/h0rn3t/gopolars/pkg/expr/expr.go:192.40,194.2 1 0
github.com/h0rn3t/gopolars/pkg/expr/expr.go:196.43,198.2 1 0
github.com/h0rn3t/gopolars/pkg/expr/expr.go:200.43,202.2 1 0
github.com/h0rn3t/gopolars/pkg/expr/expr.go:204.44,206.2 1 0
github.com/h0rn3t/gopolars/pkg/expr/expr.go:208.43,210.2 1 0
github.com/h0rn3t/gopolars/pkg/expr/expr.go:212.43,214.2 1 0
github.com/h0rn3t/gopolars/pkg/expr/expr.go:216.43,218.2 1 0
github.com/h0rn3t/gopolars/pkg/expr/expr.go:220.45,222.2 1 0
github.com/h0rn3t/gopolars/pkg/expr/expr.go:224.28,226.2 1 0
github.com/h0rn3t/gopolars/pkg/expr/expr.go:228.36,230.2 1 0
github.com/h0rn3t/gopolars/pkg/expr/expr.go:232.26,234.2 1 0
github.com/h0rn3t/gopolars/pkg/expr/expr.go:236.27,238.2 1 0
github.com/h0rn3t/gopolars/pkg/expr/expr.go:240.25,242.2 1 0
github.com/h0rn3t/gopolars/pkg/expr/expr.go:244.26,246.2 1 0
github.com/h0rn3t/gopolars/pkg/expr/expr.go:248.27,250.2 1 0
github.com/h0rn3t/gopolars/pkg/expr/expr.go:252.29,254.2 1 0
github.com/h0rn3t/gopolars/pkg/expr/expr.go:256.26,258.2 1 0
github.com/h0rn3t/gopolars/pkg/expr/expr.go:260.26,262.2 1 0
github.com/h0rn3t/gopolars/pkg/expr/expr.go:264.32,266.2 1 0
github.com/h0rn3t/gopolars/pkg/expr/expr.go:268.26,270.2 1 0
github.com/h0rn3t/gopolars/pkg/expr/expr.go:272.37,274.2 1 0
github.com/h0rn3t/gopolars/pkg/expr/expr.go:276.26,278.2 1 0
github.com/h0rn3t/gopolars/pkg/expr/expr.go:280.39,282.2 1 0
github.com/h0rn3t/gopolars/pkg/expr/expr.go:284.36,286.2 1 0
github.com/h0rn3t/gopolars/pkg/expr/expr.go:288.29,290.2 1 0
github.com/h0rn3t/gopolars/pkg/expr/expr.go:292.30,294.2 1 0
github.com/h0rn3t/gopolars/pkg/expr/expr.go:296.29,298.2 1 0
github.com/h0rn3t/gopolars/pkg/expr/expr.go:300.30,302.2 1 0
github.com/h0rn3t/gopolars/pkg/expr/expr.go:304.29,306.2 1 0
github.com/h0rn3t/gopolars/pkg/expr/expr.go:308.30,310.2 1 0
github.com/h0rn3t/gopolars/pkg/expr/expr.go:312.29,314.2 1 0
github.com/h0rn3t/gopolars/pkg/expr/expr.go:316.29,318.2 1 0
github.com/h0rn3t/gopolars/pkg/expr/expr.go:320.30,322.2 1 0
github.com/h0rn3t/gopolars/pkg/expr/expr.go:324.30,326.2 1 0
github.com/h0rn3t/gopolars/pkg/expr/expr.go:328.32,330.2 1 0
github.com/h0rn3t/gopolars/pkg/expr/expr.go:332.26,334.2 1 0
github.com/h0rn3t/gopolars/pkg/expr/expr.go:336.35,338.2 1 0
github.com/h0rn3t/gopolars/pkg/expr/expr.go:340.26,342.2 1 0
github.com/h0rn3t/gopolars/pkg/expr/expr.go:344.43,346.2 1 0
github.com/h0rn3t/gopolars/pkg/expr/expr.go:348.39,350.2 1 0
github.com/h0rn3t/gopolars/pkg/expr/expr.go:352.40,354.2 1 0
github.com/h0rn3t/gopolars/pkg/expr/expr.go:356.41,358.2 1 0
github.com/h0rn3t/gopolars/pkg/expr/expr.go:360.42,362.2 1 0
github.com/h0rn3t/gopolars/pkg/expr/expr.go:364.42,366.2 1 0
github.com/h0rn3t/gopolars/pkg/expr/expr.go:368.43,370.2 1 0
github.com/h0rn3t/gopolars/pkg/expr/expr.go:372.42,374.2 1 0
github.com/h0rn3t/gopolars/pkg/expr/expr.go:376.43,378.2 1 0
github.com/h0rn3t/gopolars/pkg/expr/expr.go:380.35,382.2 1 0
github.com/h0rn3t/gopolars/pkg/expr/expr.go:384.46,386.2 1 0
github.com/h0rn3t/gopolars/pkg/expr/expr.go:388.26,390.2 1 0
github.com/h0rn3t/gopolars/pkg/expr/expr.go:392.27,394.2 1 0
github.com/h0rn3t/gopolars/pkg/expr/expr.go:396.27,398.2 1 0
github.com/h0rn3t/gopolars/pkg/expr/expr.go:400.26,402.2 1 0
github.com/h0rn3t/gopolars/pkg/expr/expr.go:404.26,406.2 1 0
github.com/h0rn3t/gopolars/pkg/expr/expr.go:408.27,410.2 1 0
github.com/h0rn3t/gopolars/pkg/expr/expr.go:412.27,414.2 1 0
github.com/h0rn3t/gopolars/pkg/expr/expr.go:416.26,418.2 1 0
github.com/h0rn3t/gopolars/pkg/expr/expr.go:420.27,422.2 1 0
github.com/h0rn3t/gopolars/pkg/expr/expr.go:424.26,426.2 1 0
github.com/h0rn3t/gopolars/pkg/expr/expr.go:428.28,430.2 1 0
github.com/h0rn3t/gopolars/pkg/expr/expr.go:432.29,434.2 1 0
github.com/h0rn3t/gopolars/pkg/expr/expr.go:436.29,438.2 1 0
github.com/h0rn3t/gopolars/pkg/expr/expr.go:440.30,442.2 1 0
github.com/h0rn3t/gopolars/pkg/expr/expr.go:444.37,446.2 1 0
github.com/h0rn3t/gopolars/pkg/expr/expr.go:448.26,450.2 1 0
github.com/h0rn3t/gopolars/pkg/expr/expr.go:452.30,454.2 1 0
github.com/h0rn3t/gopolars/pkg/expr/expr.go:456.34,458.2 1 0
github.com/h0rn3t/gopolars/pkg/expr/expr.go:460.27,462.2 1 0
github.com/h0rn3t/gopolars/pkg/expr/expr.go:464.36,466.2 1 0
github.com/h0rn3t/gopolars/pkg/expr/expr.go:468.31,470.2 1 0
github.com/h0rn3t/gopolars/pkg/expr/expr.go:472.32,474.2 1 0
github.com/h0rn3t/gopolars/pkg/expr/expr.go:476.30,478.2 1 0
github.com/h0rn3t/gopolars/pkg/expr/expr.go:480.42,482.2 1 0
github.com/h0rn3t/gopolars/pkg/expr/expr.go:484.30,486.2 1 0
github.com/h0rn3t/gopolars/pkg/expr/expr.go:488.39,490.2 1 0
github.com/h0rn3t/gopolars/pkg/expr/expr.go:492.29,494.2 1 0
github.com/h0rn3t/gopolars/pkg/expr/expr.go:496.29,498.2 1 0
github.com/h0rn3t/gopolars/pkg/expr/expr.go:500.47,502.2 1 0
github.com/h0rn3t/gopolars/pkg/expr/expr.go:504.30,506.2 1 0
github.com/h0rn3t/gopolars/pkg/expr/expr.go:508.26,510.2 1 0
github.com/h0rn3t/gopolars/pkg/expr/expr.go:512.47,514.2 1 0
github.com/h0rn3t/gopolars/pkg/expr/expr.go:516.38,518.2 1 0
github.com/h0rn3t/gopolars/pkg/expr/expr.go:520.28,522.2 1 0
github.com/h0rn3t/gopolars/pkg/expr/expr.go:524.30,526.2 1 0
github.com/h0rn3t/gopolars/pkg/expr/expr.go:528.28,530.2 1 0
github.com/h0rn3t/gopolars/pkg/expr/expr.go:532.41,534.2 1 0
github.com/h0rn3t/gopolars/pkg/expr/expr.go:536.41,538.2 1 0
github.com/h0rn3t/gopolars/pkg/expr/expr.go:540.34,542.2 1 0
github.com/h0rn3t/gopolars/pkg/expr/expr.go:544.31,546.2 1 0
github.com/h0rn3t/gopolars/pkg/expr/expr.go:548.31,550.2 1 0
github.com/h0rn3t/gopolars/pkg/expr/expr.go:552.39,554.2 1 0
github.com/h0rn3t/gopolars/pkg/expr/expr.go:556.42,558.2 1 0
github.com/h0rn3t/gopolars/pkg/expr/expr.go:560.36,562.2 1 0
github.com/h0rn3t/gopolars/pkg/expr/expr.go:564.31,566.2 1 0
github.com/h0rn3t/gopolars/pkg/expr/expr.go:568.27,570.2 1 0
github.com/h0rn3t/gopolars/pkg/expr/expr.go:572.32,574.2 1 0
github.com/h0rn3t/gopolars/pkg/expr/expr.go:576.27,578.2 1 0
github.com/h0rn3t/gopolars/pkg/expr/expr.go:580.30,582.2 1 0
github.com/h0rn3t/gopolars/pkg/expr/expr.go:584.39,586.2 1 0
github.com/h0rn3t/gopolars/pkg/expr/expr.go:588.30,590.2 1 0
github.com/h0rn3t/gopolars/pkg/expr/expr.go:592.34,594.2 1 0
github.com/h0rn3t/gopolars/pkg/expr/expr.go:596.43,598.2 1 0
github.com/h0rn3t/gopolars/pkg/expr/expr.go:600.54,602.2 1 0
github.com/h0rn3t/gopolars/pkg/expr/expr.go:604.40,606.2 1 0
github.com/h0rn3t/gopolars/pkg/expr/expr.go:608.35,610.2 1 0
github.com/h0rn3t/gopolars/pkg/expr/expr.go:612.31,614.2 1 0
github.com/h0rn3t/gopolars/pkg/expr/expr.go:616.38,618.2 1 0
github.com/h0rn3t/gopolars/pkg/expr/expr.go:620.38,622.2 1 0
github.com/h0rn3t/gopolars/pkg/expr/expr.go:624.33,626.2 1 0
github.com/h0rn3t/gopolars/pkg/expr/expr.go:628.37,630.2 1 0
github.com/h0rn3t/gopolars/pkg/expr/expr.go:632.28,634.2 1 0
github.com/h0rn3t/gopolars/pkg/expr/expr.go:636.31,638.2 1 0
github.com/h0rn3t/gopolars/pkg/expr/expr.go:640.31,642.2 1 0
github.com/h0rn3t/gopolars/pkg/expr/expr.go:644.27,646.2 1 0
github.com/h0rn3t/gopolars/pkg/expr/expr.go:648.31,650.2 1 0
github.com/h0rn3t/gopolars/pkg/expr/expr.go:652.27,654.2 1 0
github.com/h0rn3t/gopolars/pkg/expr/expr.go:656.33,658.2 1 0
github.com/h0rn3t/gopolars/pkg/expr/expr.go:660.28,662.2 1 0
github.com/h0rn3t/gopolars/pkg/expr/expr.go:664.28,666.2 1 0
github.com/h0rn3t/gopolars/pkg/expr/expr.go:668.33,670.2 1 0
github.com/h0rn3t/gopolars/pkg/expr/expr.go:672.33,674.2 1 0
github.com/h0rn3t/gopolars/pkg/expr/expr.go:676.34,678.2 1 0
github.com/h0rn3t/gopolars/pkg/expr/expr.go:680.26,682.2 1 0
github.com/h0rn3t/gopolars/pkg/expr/expr.go:684.35,686.2 1 0
github.com/h0rn3t/gopolars/pkg/expr/expr.go:688.27,690.2 1 0
github.com/h0rn3t/gopolars/pkg/expr/expr.go:692.29,694.2 1 0
github.com/h0rn3t/gopolars/pkg/expr/expr.go:696.27,698.2 1 0
github.com/h0rn3t/gopolars/pkg/expr/expr.go:700.26,702.2 1 0
github.com/h0rn3t/gopolars/pkg/expr/expr.go:704.35,706.2 1 0
github.com/h0rn3t/gopolars/pkg/expr/expr.go:708.36,710.2 1 0
github.com/h0rn3t/gopolars/pkg/expr/expr.go:712.27,714.2 1 0
github.com/h0rn3t/gopolars/pkg/expr/expr.go:716.30,718.2 1 0
github.com/h0rn3t/gopolars/pkg/expr/expr.go:720.29,722.2 1 0
github.com/h0rn3t/gopolars/pkg/expr/expr.go:724.29,726.2 1 0
github.com/h0rn3t/gopolars/pkg/expr/expr.go:728.42,730.2 1 0
github.com/h0rn3t/gopolars/pkg/expr/expr.go:732.26,734.2 1 0
github.com/h0rn3t/gopolars/pkg/expr/expr.go:736.27,738.2 1 0
github.com/h0rn3t/gopolars/pkg/expr/expr.go:740.32,742.2 1 0
github.com/h0rn3t/gopolars/pkg/expr/expr.go:744.36,746.2 1 0
github.com/h0rn3t/gopolars/pkg/expr/expr.go:748.32,750.2 1 0
github.com/h0rn3t/gopolars/pkg/expr/expr.go:752.30,754.2 1 0
github.com/h0rn3t/gopolars/pkg/expr/expr.go:756.30,758.2 1 0
github.com/h0rn3t/gopolars/pkg/expr/expr.go:760.27,762.2 1 0
github.com/h0rn3t/gopolars/pkg/expr/expr.go:764.30,766.2 1 0
github.com/h0rn3t/gopolars/pkg/expr/expr.go:768.27,770.2 1 0
github.com/h0rn3t/gopolars/pkg/expr/expr.go:772.31,774.2 1 0
github.com/h0rn3t/gopolars/pkg/expr/expr.go:776.27,778.2 1 0
github.com/h0rn3t/gopolars/pkg/expr/expr.go:780.30,782.2 1 0
github.com/h0rn3t/gopolars/pkg/expr/expr.go:784.45,786.2 1 0
github.com/h0rn3t/gopolars/pkg/expr/expr.go:788.54,790.2 1 0
github.com/h0rn3t/gopolars/pkg/expr/expr.go:792.55,794.2 1 0
github.com/h0rn3t/gopolars/pkg/expr/expr.go:796.54,798.2 1 0
github.com/h0rn3t/gopolars/pkg/expr/expr.go:800.54,802.2 1 0
github.com/h0rn3t/gopolars/pkg/expr/expr.go:804.54,806.2 1 0
github.com/h0rn3t/gopolars/pkg/expr/expr.go:808.54,810.2 1 0
github.com/h0rn3t/gopolars/pkg/expr/expr.go:812.46,814.2 1 0
github.com/h0rn3t/gopolars/pkg/expr/expr.go:816.57,818.2 1 0
github.com/h0rn3t/gopolars/pkg/expr/expr.go:820.59,822.2 1 0
github.com/h0rn3t/gopolars/pkg/expr/expr.go:824.70,826.2 1 0
github.com/h0rn3t/gopolars/pkg/expr/expr.go:828.44,830.2 1 0
github.com/h0rn3t/gopolars/pkg/expr/expr.go:832.48,834.2 1 0
github.com/h0rn3t/gopolars/pkg/expr/expr.go:836.43,838.2 1 0
github.com/h0rn3t/gopolars/pkg/expr/expr.go:840.40,842.2 1 0
github.com/h0rn3t/gopolars/pkg/expr/expr.go:844.44,846.2 1 0
github.com/h0rn3t/gopolars/pkg/expr/expr.go:848.55,850.2 1 0
github.com/h0rn3t/gopolars/pkg/expr/expr.go:852.42,854.2 1 0
github.com/h0rn3t/gopolars/pkg/expr/expr.go:856.53,858.2 1 0
github.com/h0rn3t/gopolars/pkg/expr/expr.go:860.50,862.2 1 0
github.com/h0rn3t/gopolars/pkg/expr/expr.go:864.32,866.2 1 0
github.com/h0rn3t/gopolars/pkg/expr/expr.go:868.29,870.2 1 0
github.com/h0rn3t/gopolars/pkg/expr/expr.go:872.35,874.2 1 0
github.com/h0rn3t/gopolars/pkg/expr/expr.go:876.34,878.2 1 0
github.com/h0rn3t/gopolars/pkg/expr/expr.go:880.30,882.2 1 0
github.com/h0rn3t/gopolars/pkg/expr/expr.go:884.34,886.2 1 0
github.com/h0rn3t/gopolars/pkg/expr/expr.go:888.36,890.2 1 0
github.com/h0rn3t/gopolars/pkg/expr/expr.go:892.54,896.2 3 0
github.com/h0rn3t/gopolars/pkg/expr/expr.go:898.41,900.27 2 0
github.com/h0rn3t/gopolars/pkg/expr/expr.go:900.27,902.3 1 0
github.com/h0rn3t/gopolars/pkg/expr/expr.go:903.2,903.85 1 0
github.com/h0rn3t/gopolars/pkg/expr/expr.go:906.26,908.2 1 0
github.com/h0rn3t/gopolars/pkg/expr/expr.go:910.28,912.2 1 0
github.com/h0rn3t/gopolars/pkg/expr/expr.go:914.46,916.2 1 0
github.com/h0rn3t/gopolars/pkg/expr/expr.go:918.45,920.2 1 0
github.com/h0rn3t/gopolars/pkg/expr/expr.go:922.47,924.2 1 0
github.com/h0rn3t/gopolars/pkg/expr/expr.go:926.39,928.2 1 0
github.com/h0rn3t/gopolars/pkg/expr/expr.go:930.30,932.2 1 0
github.com/h0rn3t/gopolars/pkg/expr/expr.go:934.34,936.2 1 0
github.com/h0rn3t/gopolars/pkg/expr/expr.go:938.40,940.2 1 0
github.com/h0rn3t/gopolars/pkg/expr/expr.go:942.27,944.2 1 0
github.com/h0rn3t/gopolars/pkg/expr/expr.go:946.26,948.2 1 0
github.com/h0rn3t/gopolars/pkg/expr/expr.go:950.26,952.2 1 0
github.com/h0rn3t/gopolars/pkg/expr/expr.go:954.26,956.2 1 0
github.com/h0rn3t/gopolars/pkg/expr/expr.go:958.37,960.2 1 0
github.com/h0rn3t/gopolars/pkg/expr/expr.go:962.36,964.2 1 0
github.com/h0rn3t/gopolars/pkg/expr/expr.go:966.33,968.2 1 0
github.com/h0rn3t/gopolars/pkg/expr/expr.go:970.32,972.2 1 0
github.com/h0rn3t/gopolars/pkg/expr/expr.go:974.43,976.2 1 0
github.com/h0rn3t/gopolars/pkg/expr/expr.go:978.31,980.2 1 0
github.com/h0rn3t/gopolars/pkg/expr/expr.go:982.40,984.2 1 0
github.com/h0rn3t/gopolars/pkg/expr/expr.go:986.33,988.2 1 0
github.com/h0rn3t/gopolars/pkg/expr/expr.go:990.58,992.2 1 0
github.com/h0rn3t/gopolars/pkg/expr/expr.go:994.29,995.19 1 0
github.com/h0rn3t/gopolars/pkg/expr/expr.go:995.19,997.3 1 0
github.com/h0rn3t/gopolars/pkg/expr/expr.go:998.2,998.23 1 0
github.com/h0rn3t/gopolars/pkg/expr/expr.go:998.23,1000.3 1 0
github.com/h0rn3t/gopolars/pkg/expr/expr.go:1001.2,1001.42 1 0
github.com/h0rn3t/gopolars/pkg/expr/expr.go:1001.42,1003.3 1 0
github.com/h0rn3t/gopolars/pkg/expr/expr.go:1004.2,1004.15 1 0
github.com/h0rn3t/gopolars/pkg/expr/expr.go:1007.27,1009.2 1 1
github.com/h0rn3t/gopolars/pkg/expr/expr.go:1011.28,1013.2 1 1
github.com/h0rn3t/gopolars/pkg/expr/expr.go:1015.29,1017.2 1 1
github.com/h0rn3t/gopolars/pkg/expr/expr.go:1019.27,1021.2 1 1
github.com/h0rn3t/gopolars/pkg/expr/expr.go:1023.27,1025.2 1 1
github.com/h0rn3t/gopolars/pkg/expr/expr.go:1027.32,1029.2 1 1
github.com/h0rn3t/gopolars/pkg/expr/expr.go:1031.30,1033.2 1 1
github.com/h0rn3t/gopolars/pkg/expr/expr.go:1035.29,1037.2 1 0
github.com/h0rn3t/gopolars/pkg/expr/expr.go:1039.42,1041.2 1 1
github.com/h0rn3t/gopolars/pkg/expr/expr.go:1043.49,1045.2 1 1
github.com/h0rn3t/gopolars/pkg/expr/row_access.go:16.61,19.33 3 0
github.com/h0rn3t/gopolars/pkg/expr/row_access.go:19.33,21.3 1 0
github.com/h0rn3t/gopolars/pkg/expr/row_access.go:22.2,22.37 1 0
github.com/h0rn3t/gopolars/pkg/expr/row_access.go:25.39,25.67 1 0
github.com/h0rn3t/gopolars/pkg/expr/row_access.go:27.38,27.65 1 0
github.com/h0rn3t/gopolars/pkg/expr/row_access.go:29.68,31.35 2 0
github.com/h0rn3t/gopolars/pkg/expr/row_access.go:31.35,33.3 1 0
github.com/h0rn3t/gopolars/pkg/expr/row_access.go:34.2,34.40 1 0
github.com/h0rn3t/gopolars/pkg/io/csv/io.go:29.53,31.16 2 1
github.com/h0rn3t/gopolars/pkg/io/csv/io.go:31.16,33.3 1 0
github.com/h0rn3t/gopolars/pkg/io/csv/io.go:34.2,34.15 1 1
github.com/h0rn3t/gopolars/pkg/io/csv/io.go:34.15,34.32 1 1
github.com/h0rn3t/gopolars/pkg/io/csv/io.go:35.2,36.26 2 1
github.com/h0rn3t/gopolars/pkg/io/csv/io.go:36.26,38.3 1 1
github.com/h0rn3t/gopolars/pkg/io/csv/io.go:39.2,40.16 2 1
github.com/h0rn3t/gopolars/pkg/io/csv/io.go:40.16,42.3 1 0
github.com/h0rn3t/gopolars/pkg/io/csv/io.go:43.2,43.20 1 1
github.com/h0rn3t/gopolars/pkg/io/csv/io.go:43.20,45.3 1 0
github.com/h0rn3t/gopolars/pkg/io/csv/io.go:46.2,48.21 3 1
github.com/h0rn3t/gopolars/pkg/io/csv/io.go:48.21,51.3 2 1
github.com/h0rn3t/gopolars/pkg/io/csv/io.go:51.8,52.25 1 1
github.com/h0rn3t/gopolars/pkg/io/csv/io.go:52.25,54.4 1 1
github.com/h0rn3t/gopolars/pkg/io/csv/io.go:56.2,57.37 2 1
github.com/h0rn3t/gopolars/pkg/io/csv/io.go:57.37,58.25 1 1
github.com/h0rn3t/gopolars/pkg/io/csv/io.go:58.25,59.24 1 1
github.com/h0rn3t/gopolars/pkg/io/csv/io.go:59.24,61.5 1 1
github.com/h0rn3t/gopolars/pkg/io/csv/io.go:61.10,63.5 1 0
github.com/h0rn3t/gopolars/pkg/io/csv/io.go:66.2,67.34 2 1
github.com/h0rn3t/gopolars/pkg/io/csv/io.go:67.34,69.3 1 1
github.com/h0rn3t/gopolars/pkg/io/csv/io.go:70.2,71.30 2 1
github.com/h0rn3t/gopolars/pkg/io/csv/io.go:71.30,72.24 1 1
github.com/h0rn3t/gopolars/pkg/io/csv/io.go:72.24,73.36 1 1
github.com/h0rn3t/gopolars/pkg/io/csv/io.go:73.36,74.13 1 1
github.com/h0rn3t/gopolars/pkg/io/csv/io.go:77.3,79.17 3 1
github.com/h0rn3t/gopolars/pkg/io/csv/io.go:79.17,81.4 1 0
github.com/h0rn3t/gopolars/pkg/io/csv/io.go:82.3,82.21 1 1
github.com/h0rn3t/gopolars/pkg/io/csv/io.go:84.2,84.46 1 1
github.com/h0rn3t/gopolars/pkg/io/csv/io.go:87.56,89.16 2 1
github.com/h0rn3t/gopolars/pkg/io/csv/io.go:89.16,91.3 1 0
github.com/h0rn3t/gopolars/pkg/io/csv/io.go:92.2,92.15 1 1
github.com/h0rn3t/gopolars/pkg/io/csv/io.go:92.15,92.32 1 1
github.com/h0rn3t/gopolars/pkg/io/csv/io.go:93.2,94.26 2 1
github.com/h0rn3t/gopolars/pkg/io/csv/io.go:94.26,96.3 1 1
github.com/h0rn3t/gopolars/pkg/io/csv/io.go:97.2,97.25 1 1
github.com/h0rn3t/gopolars/pkg/io/csv/io.go:97.25,98.47 1 1
github.com/h0rn3t/gopolars/pkg/io/csv/io.go:98.47,100.4 1 0
github.com/h0rn3t/gopolars/pkg/io/csv/io.go:102.2,102.41 1 1
github.com/h0rn3t/gopolars/pkg/io/csv/io.go:102.41,104.37 2 1
github.com/h0rn3t/gopolars/pkg/io/csv/io.go:104.37,107.16 3 1
github.com/h0rn3t/gopolars/pkg/io/csv/io.go:107.16,109.13 2 0
github.com/h0rn3t/gopolars/pkg/io/csv/io.go:111.4,111.25 1 1
github.com/h0rn3t/gopolars/pkg/io/csv/io.go:112.19,113.50 1 1
github.com/h0rn3t/gopolars/pkg/io/csv/io.go:114.12,115.44 1 1
github.com/h0rn3t/gopolars/pkg/io/csv/io.go:118.3,118.38 1 1
github.com/h0rn3t/gopolars/pkg/io/csv/io.go:118.38,120.4 1 0
github.com/h0rn3t/gopolars/pkg/io/csv/io.go:122.2,123.18 2 1
github.com/h0rn3t/gopolars/pkg/io/csv/io.go:126.95,127.43 1 1
github.com/h0rn3t/gopolars/pkg/io/csv/io.go:127.43,129.3 1 1
github.com/h0rn3t/gopolars/pkg/io/csv/io.go:130.2,134.27 5 1
github.com/h0rn3t/gopolars/pkg/io/csv/io.go:134.27,135.14 1 1
github.com/h0rn3t/gopolars/pkg/io/csv/io.go:135.14,136.12 1 0
github.com/h0rn3t/gopolars/pkg/io/csv/io.go:138.3,138.56 1 1
github.com/h0rn3t/gopolars/pkg/io/csv/io.go:138.56,140.4 1 1
github.com/h0rn3t/gopolars/pkg/io/csv/io.go:141.3,141.54 1 1
github.com/h0rn3t/gopolars/pkg/io/csv/io.go:141.54,143.4 1 1
github.com/h0rn3t/gopolars/pkg/io/csv/io.go:144.3,144.49 1 1
github.com/h0rn3t/gopolars/pkg/io/csv/io.go:144.49,146.4 1 1
github.com/h0rn3t/gopolars/pkg/io/csv/io.go:147.3,147.56 1 1
github.com/h0rn3t/gopolars/pkg/io/csv/io.go:147.56,149.4 1 1
github.com/h0rn3t/gopolars/pkg/io/csv/io.go:151.2,151.9 1 1
github.com/h0rn3t/gopolars/pkg/io/csv/io.go:152.13,153.59 1 1
github.com/h0rn3t/gopolars/pkg/io/csv/io.go:154.15,155.63 1 1
github.com/h0rn3t/gopolars/pkg/io/csv/io.go:156.14,157.63 1 1
github.com/h0rn3t/gopolars/pkg/io/csv/io.go:158.14,159.65 1 0
github.com/h0rn3t/gopolars/pkg/io/csv/io.go:160.10,161.61 1 1
github.com/h0rn3t/gopolars/pkg/io/csv/io.go:165.63,167.27 2 1
github.com/h0rn3t/gopolars/pkg/io/csv/io.go:167.27,168.14 1 1
github.com/h0rn3t/gopolars/pkg/io/csv/io.go:168.14,170.12 2 0
github.com/h0rn3t/gopolars/pkg/io/csv/io.go:172.3,172.13 1 1
github.com/h0rn3t/gopolars/pkg/io/csv/io.go:173.21,175.14 2 1
github.com/h0rn3t/gopolars/pkg/io/csv/io.go:176.23,178.14 2 1
github.com/h0rn3t/gopolars/pkg/io/csv/io.go:179.23,181.14 2 1
github.com/h0rn3t/gopolars/pkg/io/csv/io.go:182.24,184.14 2 1
github.com/h0rn3t/gopolars/pkg/io/csv/io.go:185.11,186.14 1 1
github.com/h0rn3t/gopolars/pkg/io/csv/io.go:189.2,189.12 1 1
github.com/h0rn3t/gopolars/pkg/io/json/io.go:27.53,28.18 1 1
github.com/h0rn3t/gopolars/pkg/io/json/io.go:28.18,30.3 1 1
github.com/h0rn3t/gopolars/pkg/io/json/io.go:31.2,32.16 2 1
github.com/h0rn3t/gopolars/pkg/io/json/io.go:32.16,34.3 1 0
github.com/h0rn3t/gopolars/pkg/io/json/io.go:35.2,36.52 2 1
github.com/h0rn3t/gopolars/pkg/io/json/io.go:36.52,38.3 1 0
github.com/h0rn3t/gopolars/pkg/io/json/io.go:39.2,39.52 1 1
github.com/h0rn3t/gopolars/pkg/io/json/io.go:42.56,45.16 3 1
github.com/h0rn3t/gopolars/pkg/io/json/io.go:45.16,47.3 1 0
github.com/h0rn3t/gopolars/pkg/io/json/io.go:48.2,48.15 1 1
github.com/h0rn3t/gopolars/pkg/io/json/io.go:48.15,48.32 1 1
github.com/h0rn3t/gopolars/pkg/io/json/io.go:49.2,49.18 1 1
github.com/h0rn3t/gopolars/pkg/io/json/io.go:49.18,51.28 2 1
github.com/h0rn3t/gopolars/pkg/io/json/io.go:51.28,53.18 2 1
github.com/h0rn3t/gopolars/pkg/io/json/io.go:53.18,55.5 1 0
github.com/h0rn3t/gopolars/pkg/io/json/io.go:56.4,56.56 1 1
github.com/h0rn3t/gopolars/pkg/io/json/io.go:56.56,58.5 1 0
github.com/h0rn3t/gopolars/pkg/io/json/io.go:60.3,60.19 1 1
github.com/h0rn3t/gopolars/pkg/io/json/io.go:62.2,63.18 2 1
github.com/h0rn3t/gopolars/pkg/io/json/io.go:63.18,65.3 1 1
github.com/h0rn3t/gopolars/pkg/io/json/io.go:65.8,67.3 1 0
github.com/h0rn3t/gopolars/pkg/io/json/io.go:68.2,68.16 1 1
github.com/h0rn3t/gopolars/pkg/io/json/io.go:68.16,70.3 1 0
github.com/h0rn3t/gopolars/pkg/io/json/io.go:71.2,72.12 2 1
github.com/h0rn3t/gopolars/pkg/io/json/io.go:75.59,77.16 2 1
github.com/h0rn3t/gopolars/pkg/io/json/io.go:77.16,79.3 1 0
github.com/h0rn3t/gopolars/pkg/io/json/io.go:80.2,80.15 1 1
github.com/h0rn3t/gopolars/pkg/io/json/io.go:80.15,80.32 1 1
github.com/h0rn3t/gopolars/pkg/io/json/io.go:81.2,83.21 3 1
github.com/h0rn3t/gopolars/pkg/io/json/io.go:83.21,86.52 3 1
github.com/h0rn3t/gopolars/pkg/io/json/io.go:86.52,88.4 1 0
github.com/h0rn3t/gopolars/pkg/io/json/io.go:89.3,89.27 1 1
github.com/h0rn3t/gopolars/pkg/io/json/io.go:91.2,91.38 1 1
github.com/h0rn3t/gopolars/pkg/io/json/io.go:91.38,93.3 1 0
github.com/h0rn3t/gopolars/pkg/io/json/io.go:94.2,94.52 1 1
github.com/h0rn3t/gopolars/pkg/io/json/io.go:97.103,98.20 1 1
github.com/h0rn3t/gopolars/pkg/io/json/io.go:98.20,100.3 1 0
github.com/h0rn3t/gopolars/pkg/io/json/io.go:101.2,102.25 2 1
github.com/h0rn3t/gopolars/pkg/io/json/io.go:102.25,104.3 1 1
github.com/h0rn3t/gopolars/pkg/io/json/io.go:105.2,106.28 2 1
github.com/h0rn3t/gopolars/pkg/io/json/io.go:106.28,108.3 1 1
github.com/h0rn3t/gopolars/pkg/io/json/io.go:109.2,110.26 2 1
github.com/h0rn3t/gopolars/pkg/io/json/io.go:110.26,111.24 1 1
github.com/h0rn3t/gopolars/pkg/io/json/io.go:111.24,112.33 1 1
github.com/h0rn3t/gopolars/pkg/io/json/io.go:112.33,113.13 1 1
github.com/h0rn3t/gopolars/pkg/io/json/io.go:116.3,116.45 1 1
github.com/h0rn3t/gopolars/pkg/io/json/io.go:118.2,118.27 1 1
github.com/h0rn3t/gopolars/pkg/io/json/io.go:118.27,119.27 1 1
github.com/h0rn3t/gopolars/pkg/io/json/io.go:119.27,120.25 1 1
github.com/h0rn3t/gopolars/pkg/io/json/io.go:120.25,121.34 1 1
github.com/h0rn3t/gopolars/pkg/io/json/io.go:121.34,122.14 1 1
github.com/h0rn3t/gopolars/pkg/io/json/io.go:125.4,125.67 1 1
github.com/h0rn3t/gopolars/pkg/io/json/io.go:128.2,129.26 2 1
github.com/h0rn3t/gopolars/pkg/io/json/io.go:129.26,130.24 1 1
github.com/h0rn3t/gopolars/pkg/io/json/io.go:130.24,131.33 1 1
github.com/h0rn3t/gopolars/pkg/io/json/io.go:131.33,132.13 1 1
github.com/h0rn3t/gopolars/pkg/io/json/io.go:135.3,137.17 3 1
github.com/h0rn3t/gopolars/pkg/io/json/io.go:137.17,139.4 1 0
github.com/h0rn3t/gopolars/pkg/io/json/io.go:140.3,140.23 1 1
github.com/h0rn3t/gopolars/pkg/io/json/io.go:142.2,142.47 1 1
github.com/h0rn3t/gopolars/pkg/io/json/io.go:145.50,148.35 3 1
github.com/h0rn3t/gopolars/pkg/io/json/io.go:148.35,150.26 2 1
github.com/h0rn3t/gopolars/pkg/io/json/io.go:150.26,153.34 3 1
github.com/h0rn3t/gopolars/pkg/io/json/io.go:153.34,155.13 2 1
github.com/h0rn3t/gopolars/pkg/io/json/io.go:157.4,157.14 1 1
github.com/h0rn3t/gopolars/pkg/io/json/io.go:159.3,159.27 1 1
github.com/h0rn3t/gopolars/pkg/io/json/io.go:161.2,161.13 1 1
github.com/h0rn3t/gopolars/pkg/io/json/io.go:164.32,165.23 1 1
github.com/h0rn3t/gopolars/pkg/io/json/io.go:166.15,167.29 1 1
github.com/h0rn3t/gopolars/pkg/io/json/io.go:167.29,169.4 1 1
github.com/h0rn3t/gopolars/pkg/io/json/io.go:170.3,170.11 1 0
github.com/h0rn3t/gopolars/pkg/io/json/io.go:171.10,172.11 1 1
github.com/h0rn3t/gopolars/pkg/io/json/io.go:176.81,177.43 1 1
github.com/h0rn3t/gopolars/pkg/io/json/io.go:177.43,179.3 1 1
github.com/h0rn3t/gopolars/pkg/io/json/io.go:180.2,180.27 1 1
github.com/h0rn3t/gopolars/pkg/io/json/io.go:180.27,181.15 1 1
github.com/h0rn3t/gopolars/pkg/io/json/io.go:181.15,182.12 1 0
github.com/h0rn3t/gopolars/pkg/io/json/io.go:184.3,184.19 1 1
github.com/h0rn3t/gopolars/pkg/io/json/io.go:185.14,186.23 1 1
github.com/h0rn3t/gopolars/pkg/io/json/io.go:187.16,188.25 1 0
github.com/h0rn3t/gopolars/pkg/io/json/io.go:189.13,190.25 1 0
github.com/h0rn3t/gopolars/pkg/io/json/io.go:191.15,192.24 1 1
github.com/h0rn3t/gopolars/pkg/io/json/io.go:195.2,195.22 1 0
github.com/h0rn3t/gopolars/pkg/io/ipc/io.go:21.13,27.2 5 1
github.com/h0rn3t/gopolars/pkg/io/ipc/io.go:29.56,31.16 2 1
github.com/h0rn3t/gopolars/pkg/io/ipc/io.go:31.16,33.3 1 0
github.com/h0rn3t/gopolars/pkg/io/ipc/io.go:34.2,34.15 1 1
github.com/h0rn3t/gopolars/pkg/io/ipc/io.go:34.15,34.32 1 1
github.com/h0rn3t/gopolars/pkg/io/ipc/io.go:35.2,36.39 2 1
github.com/h0rn3t/gopolars/pkg/io/ipc/io.go:39.53,41.16 2 1
github.com/h0rn3t/gopolars/pkg/io/ipc/io.go:41.16,43.3 1 0
github.com/h0rn3t/gopolars/pkg/io/ipc/io.go:44.2,44.15 1 1
github.com/h0rn3t/gopolars/pkg/io/ipc/io.go:44.15,44.32 1 1
github.com/h0rn3t/gopolars/pkg/io/ipc/io.go:45.2,47.43 3 1
github.com/h0rn3t/gopolars/pkg/io/ipc/io.go:47.43,49.3 1 0
github.com/h0rn3t/gopolars/pkg/io/ipc/io.go:50.2,50.29 1 1
github.com/h0rn3t/gopolars/pkg/io/ipc/io.go:50.29,52.3 1 1
github.com/h0rn3t/gopolars/pkg/io/ipc/io.go:53.2,54.34 2 1
github.com/h0rn3t/gopolars/pkg/io/ipc/io.go:54.34,56.3 1 1
github.com/h0rn3t/gopolars/pkg/io/ipc/io.go:57.2,58.42 2 1
github.com/h0rn3t/gopolars/pkg/io/ipc/io.go:58.42,59.35 1 1
github.com/h0rn3t/gopolars/pkg/io/ipc/io.go:59.35,60.12 1 1
github.com/h0rn3t/gopolars/pkg/io/ipc/io.go:62.3,62.22 1 1
github.com/h0rn3t/gopolars/pkg/io/ipc/io.go:64.2,64.54 1 1
github.com/h0rn3t/gopolars/pkg/simd/simd_generic.go:6.41,8.25 2 1
github.com/h0rn3t/gopolars/pkg/simd/simd_generic.go:8.25,10.3 1 1
github.com/h0rn3t/gopolars/pkg/simd/simd_generic.go:11.2,11.12 1 1
github.com/h0rn3t/gopolars/pkg/simd/simd_generic.go:16.41,17.20 1 1
github.com/h0rn3t/gopolars/pkg/simd/simd_generic.go:17.20,19.3 1 1
github.com/h0rn3t/gopolars/pkg/simd/simd_generic.go:20.2,21.29 2 1
github.com/h0rn3t/gopolars/pkg/simd/simd_generic.go:21.29,22.14 1 1
github.com/h0rn3t/gopolars/pkg/simd/simd_generic.go:22.14,24.4 1 1
github.com/h0rn3t/gopolars/pkg/simd/simd_generic.go:26.2,26.12 1 1
github.com/h0rn3t/gopolars/pkg/simd/simd_generic.go:31.41,32.20 1 1
github.com/h0rn3t/gopolars/pkg/simd/simd_generic.go:32.20,34.3 1 1
github.com/h0rn3t/gopolars/pkg/simd/simd_generic.go:35.2,36.29 2 1
github.com/h0rn3t/gopolars/pkg/simd/simd_generic.go:36.29,37.14 1 1
github.com/h0rn3t/gopolars/pkg/simd/simd_generic.go:37.14,39.4 1 1
github.com/h0rn3t/gopolars/pkg/simd/simd_generic.go:41.2,41.12 1 1
github.com/h0rn3t/gopolars/pkg/simd/simd_generic.go:46.55,47.20 1 1
github.com/h0rn3t/gopolars/pkg/simd/simd_generic.go:47.20,49.3 1 1
github.com/h0rn3t/gopolars/pkg/simd/simd_generic.go:50.2,51.29 2 1
github.com/h0rn3t/gopolars/pkg/simd/simd_generic.go:51.29,52.14 1 1
github.com/h0rn3t/gopolars/pkg/simd/simd_generic.go:52.14,54.4 1 1
github.com/h0rn3t/gopolars/pkg/simd/simd_generic.go:55.3,55.14 1 1
github.com/h0rn3t/gopolars/pkg/simd/simd_generic.go:55.14,57.4 1 1
github.com/h0rn3t/gopolars/pkg/simd/simd_generic.go:59.2,59.17 1 1
github.com/h0rn3t/gopolars/pkg/simd/simd_generic.go:63.41,65.2 1 1
github.com/h0rn3t/gopolars/pkg/simd/simd_generic.go:69.49,71.16 2 1
github.com/h0rn3t/gopolars/pkg/simd/simd_generic.go:71.16,73.3 1 1
github.com/h0rn3t/gopolars/pkg/simd/simd_generic.go:74.2,75.25 2 1
github.com/h0rn3t/gopolars/pkg/simd/simd_generic.go:75.25,77.3 1 1
github.com/h0rn3t/gopolars/pkg/simd/simd_generic.go:78.2,78.15 1 1
github.com/h0rn3t/gopolars/pkg/simd/simd_generic.go:83.49,85.16 2 1
github.com/h0rn3t/gopolars/pkg/simd/simd_generic.go:85.16,87.3 1 1
github.com/h0rn3t/gopolars/pkg/simd/simd_generic.go:88.2,89.25 2 1
github.com/h0rn3t/gopolars/pkg/simd/simd_generic.go:89.25,91.3 1 1
github.com/h0rn3t/gopolars/pkg/simd/simd_generic.go:92.2,92.15 1 1
github.com/h0rn3t/gopolars/pkg/simd/simd_generic.go:97.48,99.16 2 1
github.com/h0rn3t/gopolars/pkg/simd/simd_generic.go:99.16,101.3 1 1
github.com/h0rn3t/gopolars/pkg/simd/simd_generic.go:102.2,103.25 2 1
github.com/h0rn3t/gopolars/pkg/simd/simd_generic.go:103.25,105.3 1 1
github.com/h0rn3t/gopolars/pkg/simd/simd_generic.go:106.2,106.12 1 1
github.com/h0rn3t/gopolars/pkg/exec/engine.go:22.19,24.2 1 1
github.com/h0rn3t/gopolars/pkg/exec/engine.go:26.117,30.2 3 1
github.com/h0rn3t/gopolars/pkg/exec/engine.go:32.141,34.52 2 0
github.com/h0rn3t/gopolars/pkg/exec/engine.go:34.52,36.3 1 0
github.com/h0rn3t/gopolars/pkg/exec/engine.go:37.2,38.32 2 0
github.com/h0rn3t/gopolars/pkg/exec/engine.go:38.32,40.3 1 0
github.com/h0rn3t/gopolars/pkg/exec/engine.go:41.2,44.29 4 0
github.com/h0rn3t/gopolars/pkg/exec/engine.go:44.29,46.17 2 0
github.com/h0rn3t/gopolars/pkg/exec/engine.go:46.17,48.4 1 0
github.com/h0rn3t/gopolars/pkg/exec/engine.go:49.3,49.36 1 0
github.com/h0rn3t/gopolars/pkg/exec/engine.go:51.2,52.16 2 0
github.com/h0rn3t/gopolars/pkg/exec/engine.go:52.16,54.3 1 0
github.com/h0rn3t/gopolars/pkg/exec/engine.go:55.2,55.21 1 0
github.com/h0rn3t/gopolars/pkg/exec/engine.go:55.21,57.3 1 0
github.com/h0rn3t/gopolars/pkg/exec/engine.go:58.2,58.20 1 0
github.com/h0rn3t/gopolars/pkg/exec/engine.go:61.98,65.70 4 1
github.com/h0rn3t/gopolars/pkg/exec/engine.go:65.70,67.17 2 1
github.com/h0rn3t/gopolars/pkg/exec/engine.go:68.25,69.14 1 0
github.com/h0rn3t/gopolars/pkg/exec/engine.go:70.27,72.18 2 0
github.com/h0rn3t/gopolars/pkg/exec/engine.go:72.18,74.5 1 0
github.com/h0rn3t/gopolars/pkg/exec/engine.go:75.4,76.14 2 0
github.com/h0rn3t/gopolars/pkg/exec/engine.go:77.27,78.25 1 1
github.com/h0rn3t/gopolars/pkg/exec/engine.go:78.25,80.5 1 0
github.com/h0rn3t/gopolars/pkg/exec/engine.go:81.4,82.18 2 1
github.com/h0rn3t/gopolars/pkg/exec/engine.go:82.18,84.5 1 0
github.com/h0rn3t/gopolars/pkg/exec/engine.go:85.4,86.14 2 1
github.com/h0rn3t/gopolars/pkg/exec/engine.go:87.29,89.18 2 0
github.com/h0rn3t/gopolars/pkg/exec/engine.go:89.18,91.5 1 0
github.com/h0rn3t/gopolars/pkg/exec/engine.go:92.4,93.14 2 0
github.com/h0rn3t/gopolars/pkg/exec/engine.go:94.25,96.18 2 0
github.com/h0rn3t/gopolars/pkg/exec/engine.go:96.18,98.5 1 0
github.com/h0rn3t/gopolars/pkg/exec/engine.go:99.4,100.14 2 0
github.com/h0rn3t/gopolars/pkg/exec/engine.go:101.26,103.14 2 0
github.com/h0rn3t/gopolars/pkg/exec/engine.go:104.25,106.14 2 0
github.com/h0rn3t/gopolars/pkg/exec/engine.go:107.26,109.26 2 0
github.com/h0rn3t/gopolars/pkg/exec/engine.go:109.26,110.62 1 0
github.com/h0rn3t/gopolars/pkg/exec/engine.go:110.62,112.6 1 0
github.com/h0rn3t/gopolars/pkg/exec/engine.go:114.4,115.14 2 0
github.com/h0rn3t/gopolars/pkg/exec/engine.go:116.32,118.26 2 0
github.com/h0rn3t/gopolars/pkg/exec/engine.go:118.26,119.62 1 0
github.com/h0rn3t/gopolars/pkg/exec/engine.go:119.62,121.6 1 0
github.com/h0rn3t/gopolars/pkg/exec/engine.go:123.4,124.14 2 0
github.com/h0rn3t/gopolars/pkg/exec/engine.go:125.28,127.14 2 0
github.com/h0rn3t/gopolars/pkg/exec/engine.go:128.27,130.45 2 0
github.com/h0rn3t/gopolars/pkg/exec/engine.go:130.45,132.5 1 0
github.com/h0rn3t/gopolars/pkg/exec/engine.go:133.4,134.18 2 0
github.com/h0rn3t/gopolars/pkg/exec/engine.go:134.18,136.5 1 0
github.com/h0rn3t/gopolars/pkg/exec/engine.go:137.4,138.14 2 0
github.com/h0rn3t/gopolars/pkg/exec/engine.go:139.27,141.18 2 0
github.com/h0rn3t/gopolars/pkg/exec/engine.go:141.18,143.5 1 0
github.com/h0rn3t/gopolars/pkg/exec/engine.go:144.4,145.14 2 0
github.com/h0rn3t/gopolars/pkg/exec/engine.go:146.29,147.25 1 0
github.com/h0rn3t/gopolars/pkg/exec/engine.go:147.25,149.5 1 0
github.com/h0rn3t/gopolars/pkg/exec/engine.go:150.4,151.18 2 0
github.com/h0rn3t/gopolars/pkg/exec/engine.go:151.18,153.5 1 0
github.com/h0rn3t/gopolars/pkg/exec/engine.go:154.4,155.14 2 0
github.com/h0rn3t/gopolars/pkg/exec/engine.go:156.30,158.14 2 0
github.com/h0rn3t/gopolars/pkg/exec/engine.go:159.29,161.14 2 0
github.com/h0rn3t/gopolars/pkg/exec/engine.go:162.25,164.18 2 0
github.com/h0rn3t/gopolars/pkg/exec/engine.go:164.18,166.5 1 0
github.com/h0rn3t/gopolars/pkg/exec/engine.go:167.4,168.14 2 0
github.com/h0rn3t/gopolars/pkg/exec/engine.go:169.27,171.18 2 0
github.com/h0rn3t/gopolars/pkg/exec/engine.go:171.18,173.5 1 0
github.com/h0rn3t/gopolars/pkg/exec/engine.go:174.4,175.14 2 0
github.com/h0rn3t/gopolars/pkg/exec/engine.go:176.28,178.18 2 0
github.com/h0rn3t/gopolars/pkg/exec/engine.go:178.18,180.5 1 0
github.com/h0rn3t/gopolars/pkg/exec/engine.go:181.4,182.14 2 0
github.com/h0rn3t/gopolars/pkg/exec/engine.go:183.28,184.27 1 0
github.com/h0rn3t/gopolars/pkg/exec/engine.go:184.27,186.5 1 0
github.com/h0rn3t/gopolars/pkg/exec/engine.go:187.4,188.18 2 0
github.com/h0rn3t/gopolars/pkg/exec/engine.go:188.18,190.5 1 0
github.com/h0rn3t/gopolars/pkg/exec/engine.go:191.4,192.14 2 0
github.com/h0rn3t/gopolars/pkg/exec/engine.go:193.27,195.18 2 0
github.com/h0rn3t/gopolars/pkg/exec/engine.go:195.18,197.5 1 0
github.com/h0rn3t/gopolars/pkg/exec/engine.go:198.4,199.14 2 0
github.com/h0rn3t/gopolars/pkg/exec/engine.go:200.46,201.26 1 0
github.com/h0rn3t/gopolars/pkg/exec/engine.go:201.26,203.5 1 0
github.com/h0rn3t/gopolars/pkg/exec/engine.go:204.4,205.18 2 0
github.com/h0rn3t/gopolars/pkg/exec/engine.go:205.18,207.5 1 0
github.com/h0rn3t/gopolars/pkg/exec/engine.go:208.4,208.47 1 0
github.com/h0rn3t/gopolars/pkg/exec/engine.go:208.47,210.5 1 0
github.com/h0rn3t/gopolars/pkg/exec/engine.go:211.4,212.34 2 0
github.com/h0rn3t/gopolars/pkg/exec/engine.go:212.34,214.5 1 0
github.com/h0rn3t/gopolars/pkg/exec/engine.go:214.10,216.5 1 0
github.com/h0rn3t/gopolars/pkg/exec/engine.go:217.4,217.18 1 0
github.com/h0rn3t/gopolars/pkg/exec/engine.go:217.18,219.5 1 0
github.com/h0rn3t/gopolars/pkg/exec/engine.go:220.4,221.14 2 0
github.com/h0rn3t/gopolars/pkg/exec/engine.go:222.31,223.26 1 0
github.com/h0rn3t/gopolars/pkg/exec/engine.go:223.26,225.5 1 0
github.com/h0rn3t/gopolars/pkg/exec/engine.go:226.4,227.26 2 0
github.com/h0rn3t/gopolars/pkg/exec/engine.go:227.26,228.74 1 0
github.com/h0rn3t/gopolars/pkg/exec/engine.go:228.74,230.6 1 0
github.com/h0rn3t/gopolars/pkg/exec/engine.go:232.4,233.18 2 0
github.com/h0rn3t/gopolars/pkg/exec/engine.go:233.18,235.5 1 0
github.com/h0rn3t/gopolars/pkg/exec/engine.go:236.4,237.14 2 0
github.com/h0rn3t/gopolars/pkg/exec/engine.go:238.26,240.18 2 0
github.com/h0rn3t/gopolars/pkg/exec/engine.go:240.18,242.5 1 0
github.com/h0rn3t/gopolars/pkg/exec/engine.go:243.4,244.14 2 0
github.com/h0rn3t/gopolars/pkg/exec/engine.go:245.30,246.26 1 0
github.com/h0rn3t/gopolars/pkg/exec/engine.go:246.26,248.5 1 0
github.com/h0rn3t/gopolars/pkg/exec/engine.go:249.4,250.18 2 0
github.com/h0rn3t/gopolars/pkg/exec/engine.go:250.18,252.5 1 0
github.com/h0rn3t/gopolars/pkg/exec/engine.go:253.4,254.14 2 0
github.com/h0rn3t/gopolars/pkg/exec/engine.go:255.25,257.45 2 0
github.com/h0rn3t/gopolars/pkg/exec/engine.go:257.45,259.5 1 0
github.com/h0rn3t/gopolars/pkg/exec/engine.go:260.4,261.18 2 0
github.com/h0rn3t/gopolars/pkg/exec/engine.go:261.18,263.5 1 0
github.com/h0rn3t/gopolars/pkg/exec/engine.go:264.4,265.14 2 0
github.com/h0rn3t/gopolars/pkg/exec/engine.go:266.28,268.26 2 0
github.com/h0rn3t/gopolars/pkg/exec/engine.go:268.26,269.72 1 0
github.com/h0rn3t/gopolars/pkg/exec/engine.go:269.72,271.6 1 0
github.com/h0rn3t/gopolars/pkg/exec/engine.go:273.4,274.18 2 0
github.com/h0rn3t/gopolars/pkg/exec/engine.go:274.18,276.5 1 0
github.com/h0rn3t/gopolars/pkg/exec/engine.go:277.4,278.14 2 0
github.com/h0rn3t/gopolars/pkg/exec/engine.go:279.32,281.18 2 0
github.com/h0rn3t/gopolars/pkg/exec/engine.go:281.18,283.5 1 0
github.com/h0rn3t/gopolars/pkg/exec/engine.go:284.4,285.14 2 0
github.com/h0rn3t/gopolars/pkg/exec/engine.go:286.29,287.26 1 1
github.com/h0rn3t/gopolars/pkg/exec/engine.go:287.26,289.5 1 0
github.com/h0rn3t/gopolars/pkg/exec/engine.go:290.4,291.18 2 1
github.com/h0rn3t/gopolars/pkg/exec/engine.go:291.18,293.5 1 0
github.com/h0rn3t/gopolars/pkg/exec/engine.go:294.4,295.14 2 1
github.com/h0rn3t/gopolars/pkg/exec/engine.go:296.27,297.24 1 0
github.com/h0rn3t/gopolars/pkg/exec/engine.go:297.24,299.5 1 0
github.com/h0rn3t/gopolars/pkg/exec/engine.go:300.4,301.18 2 0
github.com/h0rn3t/gopolars/pkg/exec/engine.go:301.18,303.5 1 0
github.com/h0rn3t/gopolars/pkg/exec/engine.go:304.4,305.18 2 0
github.com/h0rn3t/gopolars/pkg/exec/engine.go:305.18,307.5 1 0
github.com/h0rn3t/gopolars/pkg/exec/engine.go:308.4,309.14 2 0
github.com/h0rn3t/gopolars/pkg/exec/engine.go:310.26,311.26 1 0
github.com/h0rn3t/gopolars/pkg/exec/engine.go:311.26,313.5 1 0
github.com/h0rn3t/gopolars/pkg/exec/engine.go:314.4,315.26 2 0
github.com/h0rn3t/gopolars/pkg/exec/engine.go:315.26,317.5 1 0
github.com/h0rn3t/gopolars/pkg/exec/engine.go:318.4,319.18 2 0
github.com/h0rn3t/gopolars/pkg/exec/engine.go:319.18,321.5 1 0
github.com/h0rn3t/gopolars/pkg/exec/engine.go:322.4,323.14 2 0
github.com/h0rn3t/gopolars/pkg/exec/engine.go:324.28,325.48 1 0
github.com/h0rn3t/gopolars/pkg/exec/engine.go:325.48,327.5 1 0
github.com/h0rn3t/gopolars/pkg/exec/engine.go:328.4,329.18 2 0
github.com/h0rn3t/gopolars/pkg/exec/engine.go:329.18,331.5 1 0
github.com/h0rn3t/gopolars/pkg/exec/engine.go:332.4,333.18 2 0
github.com/h0rn3t/gopolars/pkg/exec/engine.go:333.18,335.5 1 0
github.com/h0rn3t/gopolars/pkg/exec/engine.go:336.4,337.26 2 0
github.com/h0rn3t/gopolars/pkg/exec/engine.go:337.26,339.5 1 0
github.com/h0rn3t/gopolars/pkg/exec/engine.go:340.4,341.18 2 0
github.com/h0rn3t/gopolars/pkg/exec/engine.go:341.18,343.5 1 0
github.com/h0rn3t/gopolars/pkg/exec/engine.go:344.4,345.14 2 0
github.com/h0rn3t/gopolars/pkg/exec/engine.go:346.28,347.69 1 0
github.com/h0rn3t/gopolars/pkg/exec/engine.go:347.69,349.5 1 0
github.com/h0rn3t/gopolars/pkg/exec/engine.go:350.4,351.18 2 0
github.com/h0rn3t/gopolars/pkg/exec/engine.go:351.18,353.5 1 0
github.com/h0rn3t/gopolars/pkg/exec/engine.go:354.4,355.18 2 0
github.com/h0rn3t/gopolars/pkg/exec/engine.go:355.18,357.5 1 0
github.com/h0rn3t/gopolars/pkg/exec/engine.go:358.4,359.18 2 0
github.com/h0rn3t/gopolars/pkg/exec/engine.go:359.18,361.5 1 0
github.com/h0rn3t/gopolars/pkg/exec/engine.go:362.4,372.18 2 0
github.com/h0rn3t/gopolars/pkg/exec/engine.go:372.18,374.5 1 0
github.com/h0rn3t/gopolars/pkg/exec/engine.go:375.4,376.14 2 0
github.com/h0rn3t/gopolars/pkg/exec/engine.go:377.30,379.18 2 0
github.com/h0rn3t/gopolars/pkg/exec/engine.go:379.18,381.5 1 0
github.com/h0rn3t/gopolars/pkg/exec/engine.go:382.4,383.14 2 0
github.com/h0rn3t/gopolars/pkg/exec/engine.go:384.25,385.21 1 0
github.com/h0rn3t/gopolars/pkg/exec/engine.go:385.21,387.5 1 0
github.com/h0rn3t/gopolars/pkg/exec/engine.go:388.4,397.18 2 0
github.com/h0rn3t/gopolars/pkg/exec/engine.go:397.18,399.5 1 0
github.com/h0rn3t/gopolars/pkg/exec/engine.go:400.4,401.14 2 0
github.com/h0rn3t/gopolars/pkg/exec/engine.go:402.26,403.27 1 1
github.com/h0rn3t/gopolars/pkg/exec/engine.go:403.27,405.5 1 0
github.com/h0rn3t/gopolars/pkg/exec/engine.go:406.4,407.18 2 1
github.com/h0rn3t/gopolars/pkg/exec/engine.go:407.18,409.5 1 0
github.com/h0rn3t/gopolars/pkg/exec/engine.go:410.4,411.18 2 1
github.com/h0rn3t/gopolars/pkg/exec/engine.go:411.18,413.5 1 0
github.com/h0rn3t/gopolars/pkg/exec/engine.go:414.4,415.14 2 1
github.com/h0rn3t/gopolars/pkg/exec/engine.go:416.11,417.57 1 0
github.com/h0rn3t/gopolars/pkg/exec/engine.go:420.2,420.16 1 1
github.com/h0rn3t/gopolars/pkg/exec/engine.go:420.16,422.3 1 0
github.com/h0rn3t/gopolars/pkg/exec/engine.go:423.2,423.21 1 1
github.com/h0rn3t/gopolars/pkg/exec/engine.go:426.98,427.48 1 1
github.com/h0rn3t/gopolars/pkg/exec/engine.go:428.15,429.41 1 0
github.com/h0rn3t/gopolars/pkg/exec/engine.go:430.19,431.40 1 0
github.com/h0rn3t/gopolars/pkg/exec/engine.go:432.19,433.38 1 1
github.com/h0rn3t/gopolars/pkg/exec/engine.go:434.16,435.35 1 1
github.com/h0rn3t/gopolars/pkg/exec/engine.go:436.10,437.75 1 0
github.com/h0rn3t/gopolars/pkg/exec/engine.go:441.98,443.16 2 0
github.com/h0rn3t/gopolars/pkg/exec/engine.go:443.16,445.3 1 0
github.com/h0rn3t/gopolars/pkg/exec/engine.go:446.2,446.9 1 0
github.com/h0rn3t/gopolars/pkg/exec/engine.go:446.9,448.3 1 0
github.com/h0rn3t/gopolars/pkg/exec/engine.go:449.2,449.24 1 0
github.com/h0rn3t/gopolars/pkg/exec/engine.go:452.92,454.44 2 1
github.com/h0rn3t/gopolars/pkg/exec/engine.go:454.44,456.3 1 1
github.com/h0rn3t/gopolars/pkg/exec/engine.go:457.2,458.43 2 1
github.com/h0rn3t/gopolars/pkg/exec/engine.go:458.43,459.47 1 1
github.com/h0rn3t/gopolars/pkg/exec/engine.go:459.47,461.4 1 1
github.com/h0rn3t/gopolars/pkg/exec/engine.go:463.2,463.30 1 1
github.com/h0rn3t/gopolars/pkg/exec/engine.go:466.89,468.44 2 1
github.com/h0rn3t/gopolars/pkg/exec/engine.go:468.44,470.3 1 1
github.com/h0rn3t/gopolars/pkg/exec/engine.go:471.2,472.43 2 1
github.com/h0rn3t/gopolars/pkg/exec/engine.go:472.43,473.48 1 1
github.com/h0rn3t/gopolars/pkg/exec/engine.go:473.48,475.4 1 1
github.com/h0rn3t/gopolars/pkg/exec/engine.go:477.2,477.30 1 1
github.com/h0rn3t/gopolars/pkg/exec/engine.go:480.73,482.36 2 1
github.com/h0rn3t/gopolars/pkg/exec/engine.go:482.36,485.3 2 1
github.com/h0rn3t/gopolars/pkg/exec/engine.go:486.2,486.47 1 1
github.com/h0rn3t/gopolars/pkg/exec/engine.go:489.49,491.33 2 1
github.com/h0rn3t/gopolars/pkg/exec/engine.go:491.33,494.3 2 1
github.com/h0rn3t/gopolars/pkg/exec/engine.go:495.2,495.12 1 1
github.com/h0rn3t/gopolars/pkg/exec/engine.go:498.49,499.26 1 0
github.com/h0rn3t/gopolars/pkg/exec/engine.go:499.26,500.17 1 0
github.com/h0rn3t/gopolars/pkg/exec/engine.go:501.166,502.15 1 0
github.com/h0rn3t/gopolars/pkg/exec/engine.go:505.2,505.14 1 0
github.com/h0rn3t/gopolars/pkg/exec/engine.go:508.75,509.26 1 0
github.com/h0rn3t/gopolars/pkg/exec/engine.go:509.26,511.3 1 0
github.com/h0rn3t/gopolars/pkg/exec/engine.go:512.2,513.62 2 0
github.com/h0rn3t/gopolars/pkg/exec/engine.go:513.62,515.28 2 0
github.com/h0rn3t/gopolars/pkg/exec/engine.go:515.28,517.4 1 0
github.com/h0rn3t/gopolars/pkg/exec/engine.go:518.3,519.32 2 0
github.com/h0rn3t/gopolars/pkg/exec/engine.go:519.32,521.4 1 0
github.com/h0rn3t/gopolars/pkg/exec/engine.go:522.3,523.41 2 0
github.com/h0rn3t/gopolars/pkg/exec/engine.go:523.41,526.4 2 0
github.com/h0rn3t/gopolars/pkg/exec/engine.go:527.3,528.26 2 0
github.com/h0rn3t/gopolars/pkg/exec/engine.go:530.2,530.12 1 0
github.com/h0rn3t/gopolars/pkg/exec/engine.go:533.69,534.21 1 0
github.com/h0rn3t/gopolars/pkg/exec/engine.go:534.21,536.3 1 0
github.com/h0rn3t/gopolars/pkg/exec/engine.go:537.2,537.21 1 0
github.com/h0rn3t/gopolars/pkg/exec/engine.go:537.21,539.3 1 0
github.com/h0rn3t/gopolars/pkg/exec/engine.go:540.2,542.31 3 0
github.com/h0rn3t/gopolars/pkg/exec/engine.go:542.31,545.27 3 0
github.com/h0rn3t/gopolars/pkg/exec/engine.go:545.27,547.11 2 0
github.com/h0rn3t/gopolars/pkg/exec/engine.go:547.11,549.5 1 0
github.com/h0rn3t/gopolars/pkg/exec/engine.go:550.4,550.14 1 0
github.com/h0rn3t/gopolars/pkg/exec/engine.go:550.14,552.5 1 0
github.com/h0rn3t/gopolars/pkg/exec/engine.go:553.4,553.42 1 0
github.com/h0rn3t/gopolars/pkg/exec/engine.go:553.42,555.5 1 0
github.com/h0rn3t/gopolars/pkg/exec/engine.go:557.3,558.17 2 0
github.com/h0rn3t/gopolars/pkg/exec/engine.go:558.17,560.4 1 0
github.com/h0rn3t/gopolars/pkg/exec/engine.go:561.3,561.39 1 0
github.com/h0rn3t/gopolars/pkg/exec/engine.go:563.2,563.54 1 0
github.com/h0rn3t/gopolars/pkg/exec/engine.go:566.69,569.26 3 0
github.com/h0rn3t/gopolars/pkg/exec/engine.go:569.26,570.34 1 0
github.com/h0rn3t/gopolars/pkg/exec/engine.go:570.34,572.12 2 0
github.com/h0rn3t/gopolars/pkg/exec/engine.go:574.3,574.40 1 0
github.com/h0rn3t/gopolars/pkg/exec/engine.go:574.40,576.4 1 0
github.com/h0rn3t/gopolars/pkg/exec/engine.go:578.2,578.19 1 0
github.com/h0rn3t/gopolars/pkg/exec/engine.go:581.94,583.28 2 0
github.com/h0rn3t/gopolars/pkg/exec/engine.go:583.28,586.41 3 0
github.com/h0rn3t/gopolars/pkg/exec/engine.go:586.41,588.36 2 0
github.com/h0rn3t/gopolars/pkg/exec/engine.go:588.36,590.12 2 0
github.com/h0rn3t/gopolars/pkg/exec/engine.go:590.12,592.6 1 0
github.com/h0rn3t/gopolars/pkg/exec/engine.go:593.5,593.42 1 0
github.com/h0rn3t/gopolars/pkg/exec/engine.go:595.4,595.48 1 0
github.com/h0rn3t/gopolars/pkg/exec/engine.go:597.3,597.35 1 0
github.com/h0rn3t/gopolars/pkg/exec/engine.go:597.35,600.26 3 0
github.com/h0rn3t/gopolars/pkg/exec/engine.go:600.26,601.45 1 0
github.com/h0rn3t/gopolars/pkg/exec/engine.go:601.45,604.36 3 0
github.com/h0rn3t/gopolars/pkg/exec/engine.go:604.36,609.19 5 0
github.com/h0rn3t/gopolars/pkg/exec/engine.go:609.19,610.16 1 0
github.com/h0rn3t/gopolars/pkg/exec/engine.go:612.7,613.15 2 0
github.com/h0rn3t/gopolars/pkg/exec/engine.go:613.15,615.8 1 0
github.com/h0rn3t/gopolars/pkg/exec/engine.go:616.7,616.21 1 0
github.com/h0rn3t/gopolars/pkg/exec/engine.go:618.6,618.20 1 0
github.com/h0rn3t/gopolars/pkg/exec/engine.go:621.4,621.18 1 0
github.com/h0rn3t/gopolars/pkg/exec/engine.go:622.22,623.33 1 0
github.com/h0rn3t/gopolars/pkg/exec/engine.go:623.33,625.6 1 0
github.com/h0rn3t/gopolars/pkg/exec/engine.go:626.12,628.19 2 0
github.com/h0rn3t/gopolars/pkg/exec/engine.go:628.19,630.6 1 0
github.com/h0rn3t/gopolars/pkg/exec/engine.go:631.5,631.33 1 0
github.com/h0rn3t/gopolars/pkg/exec/engine.go:631.33,633.6 1 0
github.com/h0rn3t/gopolars/pkg/exec/engine.go:636.3,637.17 2 0
github.com/h0rn3t/gopolars/pkg/exec/engine.go:638.30,639.21 1 0
github.com/h0rn3t/gopolars/pkg/exec/engine.go:640.28,641.45 1 0
github.com/h0rn3t/gopolars/pkg/exec/engine.go:641.45,643.5 1 0
github.com/h0rn3t/gopolars/pkg/exec/engine.go:645.3,646.17 2 0
github.com/h0rn3t/gopolars/pkg/exec/engine.go:646.17,648.4 1 0
github.com/h0rn3t/gopolars/pkg/exec/engine.go:649.3,650.17 2 0
github.com/h0rn3t/gopolars/pkg/exec/engine.go:650.17,652.4 1 0
github.com/h0rn3t/gopolars/pkg/exec/engine.go:654.2,654.21 1 0
github.com/h0rn3t/gopolars/pkg/exec/engine.go:657.97,658.19 1 0
github.com/h0rn3t/gopolars/pkg/exec/engine.go:658.19,659.36 1 0
github.com/h0rn3t/gopolars/pkg/exec/engine.go:659.36,661.4 1 0
github.com/h0rn3t/gopolars/pkg/exec/engine.go:662.3,663.10 2 0
github.com/h0rn3t/gopolars/pkg/exec/engine.go:663.10,665.4 1 0
github.com/h0rn3t/gopolars/pkg/exec/engine.go:666.3,667.26 2 0
github.com/h0rn3t/gopolars/pkg/exec/engine.go:667.26,668.25 1 0
github.com/h0rn3t/gopolars/pkg/exec/engine.go:668.25,670.5 1 0
github.com/h0rn3t/gopolars/pkg/exec/engine.go:672.3,672.20 1 0
github.com/h0rn3t/gopolars/pkg/exec/engine.go:674.2,675.9 2 0
github.com/h0rn3t/gopolars/pkg/exec/engine.go:675.9,677.3 1 0
github.com/h0rn3t/gopolars/pkg/exec/engine.go:678.2,678.12 1 0
github.com/h0rn3t/gopolars/pkg/exec/engine.go:679.21,682.26 3 0
[...]
github.com/h0rn3t/gopolars/pkg/polars/series_low_priority.go:297.34,300.21 3 0
github.com/h0rn3t/gopolars/pkg/polars/series_low_priority.go:300.21,302.3 1 0
github.com/h0rn3t/gopolars/pkg/polars/series_low_priority.go:303.2,303.44 1 0
github.com/h0rn3t/gopolars/pkg/polars/series_low_priority.go:303.44,305.3 1 0
github.com/h0rn3t/gopolars/pkg/polars/series_low_priority.go:306.2,306.12 1 0
github.com/h0rn3t/gopolars/pkg/polars/series_low_priority.go:309.36,311.30 2 0
github.com/h0rn3t/gopolars/pkg/polars/series_low_priority.go:311.30,313.3 1 0
github.com/h0rn3t/gopolars/pkg/polars/series_low_priority.go:314.2,314.12 1 0
github.com/h0rn3t/gopolars/pkg/polars/series_low_priority.go:317.54,319.25 2 0
github.com/h0rn3t/gopolars/pkg/polars/series_low_priority.go:319.25,321.3 1 0
github.com/h0rn3t/gopolars/pkg/polars/series_low_priority.go:322.2,322.12 1 0
github.com/h0rn3t/gopolars/pkg/polars/series_low_priority.go:325.92,326.25 1 0
github.com/h0rn3t/gopolars/pkg/polars/series_low_priority.go:326.25,328.3 1 0
github.com/h0rn3t/gopolars/pkg/polars/series_low_priority.go:329.2,332.16 4 0
github.com/h0rn3t/gopolars/pkg/polars/series_low_priority.go:332.16,334.3 1 0
github.com/h0rn3t/gopolars/pkg/polars/series_low_priority.go:335.2,338.9 4 0
github.com/h0rn3t/gopolars/pkg/polars/series_low_priority.go:338.9,340.3 1 0
github.com/h0rn3t/gopolars/pkg/polars/series_low_priority.go:341.2,343.40 3 0
github.com/h0rn3t/gopolars/pkg/polars/series_low_priority.go:343.40,346.3 2 0
github.com/h0rn3t/gopolars/pkg/polars/series_low_priority.go:347.2,348.16 2 0
github.com/h0rn3t/gopolars/pkg/polars/series_low_priority.go:348.16,350.3 1 0
github.com/h0rn3t/gopolars/pkg/polars/series_low_priority.go:351.2,351.38 1 0
github.com/h0rn3t/gopolars/pkg/polars/series_low_priority.go:354.98,355.25 1 0
github.com/h0rn3t/gopolars/pkg/polars/series_low_priority.go:355.25,357.3 1 0
github.com/h0rn3t/gopolars/pkg/polars/series_low_priority.go:358.2,361.16 4 0
github.com/h0rn3t/gopolars/pkg/polars/series_low_priority.go:361.16,363.3 1 0
github.com/h0rn3t/gopolars/pkg/polars/series_low_priority.go:364.2,367.9 4 0
github.com/h0rn3t/gopolars/pkg/polars/series_low_priority.go:367.9,369.3 1 0
github.com/h0rn3t/gopolars/pkg/polars/series_low_priority.go:370.2,372.40 3 0
github.com/h0rn3t/gopolars/pkg/polars/series_low_priority.go:372.40,374.3 1 0
github.com/h0rn3t/gopolars/pkg/polars/series_low_priority.go:375.2,376.16 2 0
github.com/h0rn3t/gopolars/pkg/polars/series_low_priority.go:376.16,378.3 1 0
github.com/h0rn3t/gopolars/pkg/polars/series_low_priority.go:379.2,379.38 1 0
github.com/h0rn3t/gopolars/pkg/polars/series_low_priority.go:382.76,384.2 1 0
github.com/h0rn3t/gopolars/pkg/polars/series_low_priority.go:386.75,388.2 1 0
github.com/h0rn3t/gopolars/pkg/polars/series_low_priority.go:390.75,392.2 1 0
github.com/h0rn3t/gopolars/pkg/polars/series_low_priority.go:394.75,396.2 1 0
github.com/h0rn3t/gopolars/pkg/polars/series_low_priority.go:398.75,400.2 1 0
github.com/h0rn3t/gopolars/pkg/polars/series_low_priority.go:402.75,404.2 1 0
github.com/h0rn3t/gopolars/pkg/polars/series_low_priority.go:406.78,408.2 1 0
github.com/h0rn3t/gopolars/pkg/polars/series_low_priority.go:410.91,412.2 1 0
github.com/h0rn3t/gopolars/pkg/polars/series_low_priority.go:414.54,416.2 1 0
github.com/h0rn3t/gopolars/pkg/polars/series_low_priority.go:418.76,420.2 1 0
github.com/h0rn3t/gopolars/pkg/polars/series_low_priority.go:422.54,424.2 1 0
github.com/h0rn3t/gopolars/pkg/polars/series_low_priority.go:426.58,428.2 1 0
github.com/h0rn3t/gopolars/pkg/polars/series_low_priority.go:430.90,431.15 1 0
github.com/h0rn3t/gopolars/pkg/polars/series_low_priority.go:431.15,433.3 1 0
github.com/h0rn3t/gopolars/pkg/polars/series_low_priority.go:434.2,434.17 1 0
github.com/h0rn3t/gopolars/pkg/polars/series_low_priority.go:434.17,436.3 1 0
github.com/h0rn3t/gopolars/pkg/polars/series_low_priority.go:437.2,438.31 2 0
github.com/h0rn3t/gopolars/pkg/polars/series_low_priority.go:438.31,440.16 2 0
github.com/h0rn3t/gopolars/pkg/polars/series_low_priority.go:440.16,442.4 1 0
github.com/h0rn3t/gopolars/pkg/polars/series_low_priority.go:443.3,444.31 2 0
github.com/h0rn3t/gopolars/pkg/polars/series_low_priority.go:444.31,445.60 1 0
github.com/h0rn3t/gopolars/pkg/polars/series_low_priority.go:445.60,447.5 1 0
github.com/h0rn3t/gopolars/pkg/polars/series_low_priority.go:449.3,449.21 1 0
github.com/h0rn3t/gopolars/pkg/polars/series_low_priority.go:449.21,451.12 2 0
github.com/h0rn3t/gopolars/pkg/polars/series_low_priority.go:453.3,453.23 1 0
github.com/h0rn3t/gopolars/pkg/polars/series_low_priority.go:455.2,456.16 2 0
github.com/h0rn3t/gopolars/pkg/polars/series_low_priority.go:456.16,458.3 1 0
github.com/h0rn3t/gopolars/pkg/polars/series_low_priority.go:459.2,459.38 1 0
github.com/h0rn3t/gopolars/pkg/polars/series_low_priority.go:462.75,463.25 1 0
github.com/h0rn3t/gopolars/pkg/polars/series_low_priority.go:463.25,465.3 1 0
github.com/h0rn3t/gopolars/pkg/polars/series_low_priority.go:466.2,469.16 4 0
github.com/h0rn3t/gopolars/pkg/polars/series_low_priority.go:469.16,471.3 1 0
github.com/h0rn3t/gopolars/pkg/polars/series_low_priority.go:472.2,475.9 4 0
github.com/h0rn3t/gopolars/pkg/polars/series_low_priority.go:475.9,477.3 1 0
github.com/h0rn3t/gopolars/pkg/polars/series_low_priority.go:478.2,480.40 3 0
github.com/h0rn3t/gopolars/pkg/polars/series_low_priority.go:480.40,482.3 1 0
github.com/h0rn3t/gopolars/pkg/polars/series_low_priority.go:483.2,484.16 2 0
github.com/h0rn3t/gopolars/pkg/polars/series_low_priority.go:484.16,486.3 1 0
github.com/h0rn3t/gopolars/pkg/polars/series_low_priority.go:487.2,487.38 1 0
github.com/h0rn3t/gopolars/pkg/polars/series_low_priority.go:490.54,491.34 1 0
github.com/h0rn3t/gopolars/pkg/polars/series_low_priority.go:491.34,493.3 1 0
github.com/h0rn3t/gopolars/pkg/polars/series_low_priority.go:494.2,494.12 1 0
github.com/h0rn3t/gopolars/pkg/polars/series_low_priority.go:497.64,498.61 1 0
github.com/h0rn3t/gopolars/pkg/polars/series_low_priority.go:498.61,500.3 1 0
github.com/h0rn3t/gopolars/pkg/polars/series_low_priority.go:501.2,501.65 1 0
github.com/h0rn3t/gopolars/pkg/polars/series_low_priority.go:501.65,503.3 1 0
github.com/h0rn3t/gopolars/pkg/polars/series_low_priority.go:504.2,504.28 1 0
github.com/h0rn3t/gopolars/pkg/polars/series_low_priority.go:504.28,506.3 1 0
github.com/h0rn3t/gopolars/pkg/polars/series_low_priority.go:507.2,509.9 3 0
github.com/h0rn3t/gopolars/pkg/polars/series_low_priority.go:509.9,511.3 1 0
github.com/h0rn3t/gopolars/pkg/polars/series_low_priority.go:512.2,512.31 1 0
github.com/h0rn3t/gopolars/pkg/polars/series_low_priority.go:512.31,513.45 1 0
github.com/h0rn3t/gopolars/pkg/polars/series_low_priority.go:513.45,515.12 2 0
github.com/h0rn3t/gopolars/pkg/polars/series_low_priority.go:517.3,519.20 3 0
github.com/h0rn3t/gopolars/pkg/polars/series_low_priority.go:521.2,522.16 2 0
github.com/h0rn3t/gopolars/pkg/polars/series_low_priority.go:522.16,524.3 1 0
github.com/h0rn3t/gopolars/pkg/polars/series_low_priority.go:525.2,525.38 1 0
github.com/h0rn3t/gopolars/pkg/polars/series_low_priority.go:528.63,529.60 1 0
github.com/h0rn3t/gopolars/pkg/polars/series_low_priority.go:529.60,531.3 1 0
github.com/h0rn3t/gopolars/pkg/polars/series_low_priority.go:532.2,532.64 1 0
github.com/h0rn3t/gopolars/pkg/polars/series_low_priority.go:532.64,534.3 1 0
github.com/h0rn3t/gopolars/pkg/polars/series_low_priority.go:535.2,535.28 1 0
github.com/h0rn3t/gopolars/pkg/polars/series_low_priority.go:535.28,537.3 1 0
github.com/h0rn3t/gopolars/pkg/polars/series_low_priority.go:538.2,539.9 2 0
github.com/h0rn3t/gopolars/pkg/polars/series_low_priority.go:539.9,541.3 1 0
github.com/h0rn3t/gopolars/pkg/polars/series_low_priority.go:542.2,543.31 2 0
github.com/h0rn3t/gopolars/pkg/polars/series_low_priority.go:543.31,544.45 1 0
github.com/h0rn3t/gopolars/pkg/polars/series_low_priority.go:544.45,546.12 2 0
github.com/h0rn3t/gopolars/pkg/polars/series_low_priority.go:548.3,550.20 3 0
github.com/h0rn3t/gopolars/pkg/polars/series_low_priority.go:552.2,553.16 2 0
github.com/h0rn3t/gopolars/pkg/polars/series_low_priority.go:553.16,555.3 1 0
github.com/h0rn3t/gopolars/pkg/polars/series_low_priority.go:556.2,556.38 1 0
github.com/h0rn3t/gopolars/pkg/polars/series_low_priority.go:559.64,560.61 1 0
github.com/h0rn3t/gopolars/pkg/polars/series_low_priority.go:560.61,562.3 1 0
github.com/h0rn3t/gopolars/pkg/polars/series_low_priority.go:563.2,563.65 1 0
github.com/h0rn3t/gopolars/pkg/polars/series_low_priority.go:563.65,565.3 1 0
github.com/h0rn3t/gopolars/pkg/polars/series_low_priority.go:566.2,566.28 1 0
github.com/h0rn3t/gopolars/pkg/polars/series_low_priority.go:566.28,568.3 1 0
github.com/h0rn3t/gopolars/pkg/polars/series_low_priority.go:569.2,570.9 2 0
github.com/h0rn3t/gopolars/pkg/polars/series_low_priority.go:570.9,572.3 1 0
github.com/h0rn3t/gopolars/pkg/polars/series_low_priority.go:573.2,574.31 2 0
github.com/h0rn3t/gopolars/pkg/polars/series_low_priority.go:574.31,575.45 1 0
github.com/h0rn3t/gopolars/pkg/polars/series_low_priority.go:575.45,577.12 2 0
github.com/h0rn3t/gopolars/pkg/polars/series_low_priority.go:579.3,581.20 3 0
github.com/h0rn3t/gopolars/pkg/polars/series_low_priority.go:583.2,584.16 2 0
github.com/h0rn3t/gopolars/pkg/polars/series_low_priority.go:584.16,586.3 1 0
github.com/h0rn3t/gopolars/pkg/polars/series_low_priority.go:587.2,587.38 1 0
github.com/h0rn3t/gopolars/pkg/polars/series_low_priority.go:590.76,591.60 1 0
github.com/h0rn3t/gopolars/pkg/polars/series_low_priority.go:591.60,593.3 1 0
github.com/h0rn3t/gopolars/pkg/polars/series_low_priority.go:594.2,595.31 2 0
github.com/h0rn3t/gopolars/pkg/polars/series_low_priority.go:595.31,596.24 1 0
github.com/h0rn3t/gopolars/pkg/polars/series_low_priority.go:596.24,598.12 2 0
github.com/h0rn3t/gopolars/pkg/polars/series_low_priority.go:600.3,601.20 2 0
github.com/h0rn3t/gopolars/pkg/polars/series_low_priority.go:603.2,604.16 2 0
github.com/h0rn3t/gopolars/pkg/polars/series_low_priority.go:604.16,606.3 1 0
github.com/h0rn3t/gopolars/pkg/polars/series_low_priority.go:607.2,607.38 1 0
github.com/h0rn3t/gopolars/pkg/polars/series_low_priority.go:610.58,611.46 1 0
github.com/h0rn3t/gopolars/pkg/polars/series_low_priority.go:611.46,613.3 1 0
github.com/h0rn3t/gopolars/pkg/polars/series_low_priority.go:616.59,617.46 1 0
github.com/h0rn3t/gopolars/pkg/polars/series_low_priority.go:617.46,619.3 1 0
github.com/h0rn3t/gopolars/pkg/polars/series_low_priority.go:622.60,623.46 1 0
github.com/h0rn3t/gopolars/pkg/polars/series_low_priority.go:623.46,625.3 1 0
github.com/h0rn3t/gopolars/pkg/polars/series_low_priority.go:628.61,629.46 1 0
github.com/h0rn3t/gopolars/pkg/polars/series_low_priority.go:629.46,631.3 1 0
github.com/h0rn3t/gopolars/pkg/polars/series_low_priority.go:634.61,635.46 1 0
github.com/h0rn3t/gopolars/pkg/polars/series_low_priority.go:635.46,637.3 1 0
github.com/h0rn3t/gopolars/pkg/polars/series_low_priority.go:640.62,641.46 1 0
github.com/h0rn3t/gopolars/pkg/polars/series_low_priority.go:641.46,643.3 1 0
github.com/h0rn3t/gopolars/pkg/polars/series_low_priority.go:646.71,648.2 1 0
github.com/h0rn3t/gopolars/pkg/polars/series_namespace.go:29.41,29.69 1 0
github.com/h0rn3t/gopolars/pkg/polars/series_namespace.go:30.41,30.69 1 0
github.com/h0rn3t/gopolars/pkg/polars/series_namespace.go:31.41,31.68 1 0
github.com/h0rn3t/gopolars/pkg/polars/series_namespace.go:32.47,34.2 1 0
github.com/h0rn3t/gopolars/pkg/polars/series_namespace.go:35.41,35.69 1 0
github.com/h0rn3t/gopolars/pkg/polars/series_namespace.go:36.41,36.69 1 0
github.com/h0rn3t/gopolars/pkg/polars/series_namespace.go:38.68,39.26 1 0
github.com/h0rn3t/gopolars/pkg/polars/series_namespace.go:39.26,41.3 1 0
github.com/h0rn3t/gopolars/pkg/polars/series_namespace.go:42.2,42.12 1 0
github.com/h0rn3t/gopolars/pkg/polars/series_namespace.go:46.46,47.64 1 0
github.com/h0rn3t/gopolars/pkg/polars/series_namespace.go:47.64,49.3 1 0
github.com/h0rn3t/gopolars/pkg/polars/series_namespace.go:50.2,51.33 2 0
github.com/h0rn3t/gopolars/pkg/polars/series_namespace.go:51.33,53.15 2 0
github.com/h0rn3t/gopolars/pkg/polars/series_namespace.go:53.15,55.12 2 0
github.com/h0rn3t/gopolars/pkg/polars/series_namespace.go:57.3,58.10 2 0
github.com/h0rn3t/gopolars/pkg/polars/series_namespace.go:58.10,60.4 1 0
github.com/h0rn3t/gopolars/pkg/polars/series_namespace.go:61.3,61.35 1 0
github.com/h0rn3t/gopolars/pkg/polars/series_namespace.go:63.2,63.90 1 0
github.com/h0rn3t/gopolars/pkg/polars/series_namespace.go:67.46,68.64 1 0
github.com/h0rn3t/gopolars/pkg/polars/series_namespace.go:68.64,70.3 1 0
github.com/h0rn3t/gopolars/pkg/polars/series_namespace.go:71.2,72.33 2 0
github.com/h0rn3t/gopolars/pkg/polars/series_namespace.go:72.33,74.15 2 0
github.com/h0rn3t/gopolars/pkg/polars/series_namespace.go:74.15,76.12 2 0
github.com/h0rn3t/gopolars/pkg/polars/series_namespace.go:78.3,79.10 2 0
github.com/h0rn3t/gopolars/pkg/polars/series_namespace.go:79.10,81.4 1 0
github.com/h0rn3t/gopolars/pkg/polars/series_namespace.go:82.3,82.35 1 0
github.com/h0rn3t/gopolars/pkg/polars/series_namespace.go:84.2,84.90 1 0
github.com/h0rn3t/gopolars/pkg/polars/series_namespace.go:88.44,89.64 1 0
github.com/h0rn3t/gopolars/pkg/polars/series_namespace.go:89.64,91.3 1 0
github.com/h0rn3t/gopolars/pkg/polars/series_namespace.go:92.2,93.33 2 0
github.com/h0rn3t/gopolars/pkg/polars/series_namespace.go:93.33,95.15 2 0
github.com/h0rn3t/gopolars/pkg/polars/series_namespace.go:95.15,97.12 2 0
github.com/h0rn3t/gopolars/pkg/polars/series_namespace.go:99.3,100.10 2 0
github.com/h0rn3t/gopolars/pkg/polars/series_namespace.go:100.10,102.4 1 0
github.com/h0rn3t/gopolars/pkg/polars/series_namespace.go:103.3,103.30 1 0
github.com/h0rn3t/gopolars/pkg/polars/series_namespace.go:105.2,105.102 1 0
github.com/h0rn3t/gopolars/pkg/polars/series_namespace.go:109.48,110.62 1 0
github.com/h0rn3t/gopolars/pkg/polars/series_namespace.go:110.62,112.3 1 0
github.com/h0rn3t/gopolars/pkg/polars/series_namespace.go:113.2,114.33 2 0
github.com/h0rn3t/gopolars/pkg/polars/series_namespace.go:114.33,116.15 2 0
github.com/h0rn3t/gopolars/pkg/polars/series_namespace.go:116.15,118.12 2 0
github.com/h0rn3t/gopolars/pkg/polars/series_namespace.go:120.3,121.10 2 0
github.com/h0rn3t/gopolars/pkg/polars/series_namespace.go:121.10,123.4 1 0
github.com/h0rn3t/gopolars/pkg/polars/series_namespace.go:124.3,124.31 1 0
github.com/h0rn3t/gopolars/pkg/polars/series_namespace.go:126.2,126.103 1 0
github.com/h0rn3t/gopolars/pkg/polars/series_namespace.go:130.44,131.65 1 0
github.com/h0rn3t/gopolars/pkg/polars/series_namespace.go:131.65,133.3 1 0
github.com/h0rn3t/gopolars/pkg/polars/series_namespace.go:134.2,135.33 2 0
github.com/h0rn3t/gopolars/pkg/polars/series_namespace.go:135.33,137.15 2 0
github.com/h0rn3t/gopolars/pkg/polars/series_namespace.go:137.15,139.12 2 0
github.com/h0rn3t/gopolars/pkg/polars/series_namespace.go:141.3,142.10 2 0
github.com/h0rn3t/gopolars/pkg/polars/series_namespace.go:142.10,144.4 1 0
github.com/h0rn3t/gopolars/pkg/polars/series_namespace.go:145.3,145.30 1 0
github.com/h0rn3t/gopolars/pkg/polars/series_namespace.go:147.2,147.99 1 0
github.com/h0rn3t/gopolars/pkg/polars/series_namespace.go:151.60,152.67 1 0
github.com/h0rn3t/gopolars/pkg/polars/series_namespace.go:152.67,154.3 1 0
github.com/h0rn3t/gopolars/pkg/polars/series_namespace.go:155.2,155.16 1 0
github.com/h0rn3t/gopolars/pkg/polars/series_namespace.go:155.16,157.3 1 0
github.com/h0rn3t/gopolars/pkg/polars/series_namespace.go:158.2,159.33 2 0
github.com/h0rn3t/gopolars/pkg/polars/series_namespace.go:159.33,161.15 2 0
github.com/h0rn3t/gopolars/pkg/polars/series_namespace.go:161.15,163.12 2 0
github.com/h0rn3t/gopolars/pkg/polars/series_namespace.go:165.3,166.10 2 0
github.com/h0rn3t/gopolars/pkg/polars/series_namespace.go:166.10,168.4 1 0
github.com/h0rn3t/gopolars/pkg/polars/series_namespace.go:169.3,170.28 2 0
github.com/h0rn3t/gopolars/pkg/polars/series_namespace.go:171.12,172.19 1 0
github.com/h0rn3t/gopolars/pkg/polars/series_namespace.go:173.15,174.17 1 0
github.com/h0rn3t/gopolars/pkg/polars/series_namespace.go:175.50,176.29 1 0
github.com/h0rn3t/gopolars/pkg/polars/series_namespace.go:177.11,178.29 1 0
github.com/h0rn3t/gopolars/pkg/polars/series_namespace.go:181.2,181.103 1 0
github.com/h0rn3t/gopolars/pkg/polars/series_namespace.go:185.46,186.69 1 0
github.com/h0rn3t/gopolars/pkg/polars/series_namespace.go:186.69,188.3 1 0
github.com/h0rn3t/gopolars/pkg/polars/series_namespace.go:189.2,192.33 4 0
github.com/h0rn3t/gopolars/pkg/polars/series_namespace.go:192.33,194.15 2 0
github.com/h0rn3t/gopolars/pkg/polars/series_namespace.go:194.15,196.12 2 0
github.com/h0rn3t/gopolars/pkg/polars/series_namespace.go:198.3,199.10 2 0
github.com/h0rn3t/gopolars/pkg/polars/series_namespace.go:199.10,201.4 1 0
github.com/h0rn3t/gopolars/pkg/polars/series_namespace.go:202.3,203.10 2 0
github.com/h0rn3t/gopolars/pkg/polars/series_namespace.go:203.10,207.4 3 0
github.com/h0rn3t/gopolars/pkg/polars/series_namespace.go:208.3,208.19 1 0
github.com/h0rn3t/gopolars/pkg/polars/series_namespace.go:210.2,210.100 1 0
github.com/h0rn3t/gopolars/pkg/polars/series_namespace.go:214.50,215.63 1 0
github.com/h0rn3t/gopolars/pkg/polars/series_namespace.go:215.63,217.3 1 0
github.com/h0rn3t/gopolars/pkg/polars/series_namespace.go:218.2,219.9 2 0
github.com/h0rn3t/gopolars/pkg/polars/series_namespace.go:219.9,221.3 1 0
github.com/h0rn3t/gopolars/pkg/polars/series_namespace.go:222.2,222.29 1 0
github.com/h0rn3t/gopolars/pkg/polars/sql.go:20.55,22.16 2 0
github.com/h0rn3t/gopolars/pkg/polars/sql.go:22.16,24.3 1 0
github.com/h0rn3t/gopolars/pkg/polars/sql.go:25.2,25.45 1 0
github.com/h0rn3t/gopolars/pkg/polars/sql.go:25.45,27.3 1 0
github.com/h0rn3t/gopolars/pkg/polars/sql.go:28.2,28.24 1 0
github.com/h0rn3t/gopolars/pkg/polars/sql.go:28.24,30.3 1 0
github.com/h0rn3t/gopolars/pkg/polars/sql.go:31.2,32.16 2 0
github.com/h0rn3t/gopolars/pkg/polars/sql.go:32.16,34.3 1 0
github.com/h0rn3t/gopolars/pkg/polars/sql.go:35.2,40.8 2 0
github.com/h0rn3t/gopolars/pkg/polars/sql.go:43.109,45.9 2 0
github.com/h0rn3t/gopolars/pkg/polars/sql.go:45.9,47.3 1 0
github.com/h0rn3t/gopolars/pkg/polars/sql.go:48.2,54.4 1 0
github.com/h0rn3t/gopolars/pkg/polars/sqlcontext.go:20.33,25.2 1 0
github.com/h0rn3t/gopolars/pkg/polars/sqlcontext.go:27.70,28.16 1 0
github.com/h0rn3t/gopolars/pkg/polars/sqlcontext.go:28.16,30.3 1 0
github.com/h0rn3t/gopolars/pkg/polars/sqlcontext.go:31.2,32.9 2 0
github.com/h0rn3t/gopolars/pkg/polars/sqlcontext.go:32.9,34.3 1 0
github.com/h0rn3t/gopolars/pkg/polars/sqlcontext.go:35.2,38.12 4 0
github.com/h0rn3t/gopolars/pkg/polars/sqlcontext.go:41.70,42.31 1 0
github.com/h0rn3t/gopolars/pkg/polars/sqlcontext.go:42.31,43.46 1 0
github.com/h0rn3t/gopolars/pkg/polars/sqlcontext.go:43.46,45.4 1 0
github.com/h0rn3t/gopolars/pkg/polars/sqlcontext.go:47.2,47.12 1 0
github.com/h0rn3t/gopolars/pkg/polars/sqlcontext.go:50.84,52.16 2 0
github.com/h0rn3t/gopolars/pkg/polars/sqlcontext.go:52.16,54.3 1 0
github.com/h0rn3t/gopolars/pkg/polars/sqlcontext.go:55.2,58.23 4 0
github.com/h0rn3t/gopolars/pkg/polars/sqlcontext.go:58.23,59.25 1 0
github.com/h0rn3t/gopolars/pkg/polars/sqlcontext.go:59.25,60.28 1 0
github.com/h0rn3t/gopolars/pkg/polars/sqlcontext.go:60.28,62.5 1 0
github.com/h0rn3t/gopolars/pkg/polars/sqlcontext.go:65.2,65.23 1 0
github.com/h0rn3t/gopolars/pkg/polars/sqlcontext.go:65.23,67.3 1 0
github.com/h0rn3t/gopolars/pkg/polars/sqlcontext.go:68.2,69.9 2 0
github.com/h0rn3t/gopolars/pkg/polars/sqlcontext.go:69.9,71.3 1 0
github.com/h0rn3t/gopolars/pkg/polars/sqlcontext.go:72.2,78.4 1 0
github.com/h0rn3t/gopolars/pkg/polars/sqlcontext.go:81.90,83.2 1 0
github.com/h0rn3t/gopolars/pkg/polars/sqlcontext.go:85.73,87.2 1 0
github.com/h0rn3t/gopolars/pkg/polars/sqlcontext.go:89.40,93.29 4 0
github.com/h0rn3t/gopolars/pkg/polars/sqlcontext.go:93.29,95.3 1 0
github.com/h0rn3t/gopolars/pkg/polars/sqlcontext.go:96.2,97.12 2 0
github.com/h0rn3t/gopolars/pkg/polars/sqlcontext.go:100.46,104.2 3 0
